This file contains any messages produced by compilers while
running configure, to aid debugging if configure makes a mistake.

It was created by OCaml configure 4.12.0+dev0-2020-04-22, which was
generated by GNU Autoconf 2.69.  Invocation command line was

  $ ./configure 

## --------- ##
## Platform. ##
## --------- ##

hostname = anukriti
uname -m = x86_64
uname -r = 4.15.0-109-generic
uname -s = Linux
uname -v = #110-Ubuntu SMP Tue Jun 23 02:39:32 UTC 2020

/usr/bin/uname -p = unknown
/bin/uname -X     = unknown

/bin/arch              = unknown
/usr/bin/arch -k       = unknown
/usr/convex/getsysinfo = unknown
/usr/bin/hostinfo      = unknown
/bin/machine           = unknown
/usr/bin/oslevel       = unknown
/bin/universe          = unknown

PATH: /usr/local/sbin
PATH: /usr/local/bin
PATH: /usr/sbin
PATH: /usr/bin
PATH: /sbin
PATH: /bin
PATH: /usr/games
PATH: /usr/local/games
PATH: /snap/bin


## ----------- ##
## Core tests. ##
## ----------- ##

configure:2735: Configuring OCaml version 4.12.0+dev0-2020-04-22
configure:2931: checking build system type
configure:2945: result: x86_64-pc-linux-gnu
configure:2965: checking host system type
configure:2978: result: x86_64-pc-linux-gnu
configure:2998: checking target system type
configure:3011: result: x86_64-pc-linux-gnu
configure:3394: checking for ld
configure:3410: found /usr/bin/ld
configure:3421: result: ld
configure:3496: checking how to print strings
configure:3523: result: printf
configure:3592: checking for gcc
configure:3608: found /usr/bin/gcc
configure:3619: result: gcc
configure:3848: checking for C compiler version
configure:3857: gcc --version >&5
gcc (Ubuntu 7.5.0-3ubuntu1~18.04) 7.5.0
Copyright (C) 2017 Free Software Foundation, Inc.
This is free software; see the source for copying conditions.  There is NO
warranty; not even for MERCHANTABILITY or FITNESS FOR A PARTICULAR PURPOSE.

configure:3868: $? = 0
configure:3857: gcc -v >&5
Using built-in specs.
COLLECT_GCC=gcc
COLLECT_LTO_WRAPPER=/usr/lib/gcc/x86_64-linux-gnu/7/lto-wrapper
OFFLOAD_TARGET_NAMES=nvptx-none
OFFLOAD_TARGET_DEFAULT=1
Target: x86_64-linux-gnu
Configured with: ../src/configure -v --with-pkgversion='Ubuntu 7.5.0-3ubuntu1~18.04' --with-bugurl=file:///usr/share/doc/gcc-7/README.Bugs --enable-languages=c,ada,c++,go,brig,d,fortran,objc,obj-c++ --prefix=/usr --with-gcc-major-version-only --program-suffix=-7 --program-prefix=x86_64-linux-gnu- --enable-shared --enable-linker-build-id --libexecdir=/usr/lib --without-included-gettext --enable-threads=posix --libdir=/usr/lib --enable-nls --enable-bootstrap --enable-clocale=gnu --enable-libstdcxx-debug --enable-libstdcxx-time=yes --with-default-libstdcxx-abi=new --enable-gnu-unique-object --disable-vtable-verify --enable-libmpx --enable-plugin --enable-default-pie --with-system-zlib --with-target-system-zlib --enable-objc-gc=auto --enable-multiarch --disable-werror --with-arch-32=i686 --with-abi=m64 --with-multilib-list=m32,m64,mx32 --enable-multilib --with-tune=generic --enable-offload-targets=nvptx-none --without-cuda-driver --enable-checking=release --build=x86_64-linux-gnu --host=x86_64-linux-gnu --target=x86_64-linux-gnu
Thread model: posix
gcc version 7.5.0 (Ubuntu 7.5.0-3ubuntu1~18.04) 
configure:3868: $? = 0
configure:3857: gcc -V >&5
gcc: error: unrecognized command line option '-V'
gcc: fatal error: no input files
compilation terminated.
configure:3868: $? = 1
configure:3857: gcc -qversion >&5
gcc: error: unrecognized command line option '-qversion'; did you mean '--version'?
gcc: fatal error: no input files
compilation terminated.
configure:3868: $? = 1
configure:3888: checking whether the C compiler works
configure:3910: gcc    conftest.c  >&5
configure:3914: $? = 0
configure:3962: result: yes
configure:3965: checking for C compiler default output file name
configure:3967: result: a.out
configure:3973: checking for suffix of executables
configure:3980: gcc -o conftest    conftest.c  >&5
configure:3984: $? = 0
configure:4006: result: 
configure:4028: checking whether we are cross compiling
configure:4036: gcc -o conftest    conftest.c  >&5
configure:4040: $? = 0
configure:4047: ./conftest
configure:4051: $? = 0
configure:4066: result: no
configure:4071: checking for suffix of object files
configure:4093: gcc -c   conftest.c >&5
configure:4097: $? = 0
configure:4118: result: o
configure:4122: checking whether we are using the GNU C compiler
configure:4141: gcc -c   conftest.c >&5
configure:4141: $? = 0
configure:4150: result: yes
configure:4159: checking whether gcc accepts -g
configure:4179: gcc -c -g  conftest.c >&5
configure:4179: $? = 0
configure:4220: result: yes
configure:4237: checking for gcc option to accept ISO C89
configure:4300: gcc  -c -g -O2  conftest.c >&5
configure:4300: $? = 0
configure:4313: result: none needed
configure:4333: checking for a sed that does not truncate output
configure:4397: result: /bin/sed
configure:4415: checking for grep that handles long lines and -e
configure:4473: result: /bin/grep
configure:4478: checking for egrep
configure:4540: result: /bin/grep -E
configure:4545: checking for fgrep
configure:4607: result: /bin/grep -F
configure:4642: checking for ld used by gcc
configure:4709: result: ld
configure:4716: checking if the linker (ld) is GNU ld
configure:4731: result: yes
configure:4743: checking for BSD- or MS-compatible name lister (nm)
configure:4797: result: /usr/bin/nm -B
configure:4927: checking the name lister (/usr/bin/nm -B) interface
configure:4934: gcc -c -g -O2  conftest.c >&5
configure:4937: /usr/bin/nm -B "conftest.o"
configure:4940: output
0000000000000000 B some_variable
configure:4947: result: BSD nm
configure:4950: checking whether ln -s works
configure:4954: result: yes
configure:4962: checking the maximum length of command line arguments
configure:5093: result: 1572864
configure:5141: checking how to convert x86_64-pc-linux-gnu file names to x86_64-pc-linux-gnu format
configure:5181: result: func_convert_file_noop
configure:5188: checking how to convert x86_64-pc-linux-gnu file names to toolchain format
configure:5208: result: func_convert_file_noop
configure:5215: checking for ld option to reload object files
configure:5222: result: -r
configure:5296: checking for objdump
configure:5312: found /usr/bin/objdump
configure:5323: result: objdump
configure:5355: checking how to recognize dependent libraries
configure:5555: result: pass_all
configure:5640: checking for dlltool
configure:5670: result: no
configure:5700: checking how to associate runtime and link libraries
configure:5727: result: printf %s\n
configure:5788: checking for ar
configure:5804: found /usr/bin/ar
configure:5815: result: ar
configure:5852: checking for archiver @FILE support
configure:5869: gcc -c -g -O2  conftest.c >&5
configure:5869: $? = 0
configure:5872: ar cru libconftest.a @conftest.lst >&5
ar: `u' modifier ignored since `D' is the default (see `U')
configure:5875: $? = 0
configure:5880: ar cru libconftest.a @conftest.lst >&5
ar: `u' modifier ignored since `D' is the default (see `U')
ar: conftest.o: No such file or directory
configure:5883: $? = 1
configure:5895: result: @
configure:5953: checking for strip
configure:5969: found /usr/bin/strip
configure:5980: result: strip
configure:6052: checking for ranlib
configure:6068: found /usr/bin/ranlib
configure:6079: result: ranlib
configure:6156: checking for gawk
configure:6172: found /usr/bin/gawk
configure:6183: result: gawk
configure:6223: checking command to parse /usr/bin/nm -B output from gcc object
configure:6376: gcc -c -g -O2  conftest.c >&5
configure:6379: $? = 0
configure:6383: /usr/bin/nm -B conftest.o \| sed -n -e 's/^.*[ ]\([ABCDGIRSTW][ABCDGIRSTW]*\)[ ][ ]*\([_A-Za-z][_A-Za-z0-9]*\)$/\1 \2 \2/p' | sed '/ __gnu_lto/d' \> conftest.nm
configure:6386: $? = 0
configure:6452: gcc -o conftest -g -O2   conftest.c conftstm.o >&5
configure:6455: $? = 0
configure:6493: result: ok
configure:6540: checking for sysroot
configure:6570: result: no
configure:6577: checking for a working dd
configure:6615: result: /bin/dd
configure:6619: checking how to truncate binary pipes
configure:6634: result: /bin/dd bs=4096 count=1
configure:6770: gcc -c -g -O2  conftest.c >&5
configure:6773: $? = 0
configure:6963: checking for mt
configure:6979: found /bin/mt
configure:6990: result: mt
configure:7013: checking if mt is a manifest tool
configure:7019: mt '-?'
configure:7027: result: no
configure:7704: checking how to run the C preprocessor
configure:7735: gcc -E  conftest.c
configure:7735: $? = 0
configure:7749: gcc -E  conftest.c
conftest.c:9:10: fatal error: ac_nonexistent.h: No such file or directory
 #include <ac_nonexistent.h>
          ^~~~~~~~~~~~~~~~~~
compilation terminated.
configure:7749: $? = 1
configure: failed program was:
| /* confdefs.h */
| #define PACKAGE_NAME "OCaml"
| #define PACKAGE_TARNAME "ocaml"
| #define PACKAGE_VERSION "4.12.0+dev0-2020-04-22"
| #define PACKAGE_STRING "OCaml 4.12.0+dev0-2020-04-22"
| #define PACKAGE_BUGREPORT "caml-list@inria.fr"
| #define PACKAGE_URL "http://www.ocaml.org"
| /* end confdefs.h.  */
| #include <ac_nonexistent.h>
configure:7774: result: gcc -E
configure:7794: gcc -E  conftest.c
configure:7794: $? = 0
configure:7808: gcc -E  conftest.c
conftest.c:9:10: fatal error: ac_nonexistent.h: No such file or directory
 #include <ac_nonexistent.h>
          ^~~~~~~~~~~~~~~~~~
compilation terminated.
configure:7808: $? = 1
configure: failed program was:
| /* confdefs.h */
| #define PACKAGE_NAME "OCaml"
| #define PACKAGE_TARNAME "ocaml"
| #define PACKAGE_VERSION "4.12.0+dev0-2020-04-22"
| #define PACKAGE_STRING "OCaml 4.12.0+dev0-2020-04-22"
| #define PACKAGE_BUGREPORT "caml-list@inria.fr"
| #define PACKAGE_URL "http://www.ocaml.org"
| /* end confdefs.h.  */
| #include <ac_nonexistent.h>
configure:7837: checking for ANSI C header files
configure:7857: gcc -c -g -O2  conftest.c >&5
configure:7857: $? = 0
configure:7930: gcc -o conftest -g -O2   conftest.c  >&5
configure:7930: $? = 0
configure:7930: ./conftest
configure:7930: $? = 0
configure:7941: result: yes
configure:7954: checking for sys/types.h
configure:7954: gcc -c -g -O2  conftest.c >&5
configure:7954: $? = 0
configure:7954: result: yes
configure:7954: checking for sys/stat.h
configure:7954: gcc -c -g -O2  conftest.c >&5
configure:7954: $? = 0
configure:7954: result: yes
configure:7954: checking for stdlib.h
configure:7954: gcc -c -g -O2  conftest.c >&5
configure:7954: $? = 0
configure:7954: result: yes
configure:7954: checking for string.h
configure:7954: gcc -c -g -O2  conftest.c >&5
configure:7954: $? = 0
configure:7954: result: yes
configure:7954: checking for memory.h
configure:7954: gcc -c -g -O2  conftest.c >&5
configure:7954: $? = 0
configure:7954: result: yes
configure:7954: checking for strings.h
configure:7954: gcc -c -g -O2  conftest.c >&5
configure:7954: $? = 0
configure:7954: result: yes
configure:7954: checking for inttypes.h
configure:7954: gcc -c -g -O2  conftest.c >&5
configure:7954: $? = 0
configure:7954: result: yes
configure:7954: checking for stdint.h
configure:7954: gcc -c -g -O2  conftest.c >&5
configure:7954: $? = 0
configure:7954: result: yes
configure:7954: checking for unistd.h
configure:7954: gcc -c -g -O2  conftest.c >&5
configure:7954: $? = 0
configure:7954: result: yes
configure:7968: checking for dlfcn.h
configure:7968: gcc -c -g -O2  conftest.c >&5
configure:7968: $? = 0
configure:7968: result: yes
configure:8224: checking for objdir
configure:8239: result: .libs
configure:8503: checking if gcc supports -fno-rtti -fno-exceptions
configure:8521: gcc -c -g -O2  -fno-rtti -fno-exceptions conftest.c >&5
cc1: warning: command line option '-fno-rtti' is valid for C++/ObjC++ but not for C
configure:8525: $? = 0
configure:8538: result: no
configure:8896: checking for gcc option to produce PIC
configure:8903: result: -fPIC -DPIC
configure:8911: checking if gcc PIC flag -fPIC -DPIC works
configure:8929: gcc -c -g -O2  -fPIC -DPIC -DPIC conftest.c >&5
configure:8933: $? = 0
configure:8946: result: yes
configure:8975: checking if gcc static flag -static works
configure:9003: result: yes
configure:9018: checking if gcc supports -c -o file.o
configure:9039: gcc -c -g -O2  -o out/conftest2.o conftest.c >&5
configure:9043: $? = 0
configure:9065: result: yes
configure:9073: checking if gcc supports -c -o file.o
configure:9120: result: yes
configure:9153: checking whether the gcc linker (ld -m elf_x86_64) supports shared libraries
configure:10416: result: yes
configure:10453: checking whether -lc should be explicitly linked in
configure:10461: gcc -c -g -O2  conftest.c >&5
configure:10464: $? = 0
configure:10479: gcc -shared  -fPIC -DPIC conftest.o  -v -Wl,-soname -Wl,conftest -o conftest 2\>\&1 \| /bin/grep  -lc  \>/dev/null 2\>\&1
configure:10482: $? = 0
configure:10496: result: no
configure:10656: checking dynamic linker characteristics
configure:11237: gcc -o conftest -g -O2   -Wl,-rpath -Wl,/foo conftest.c  >&5
configure:11237: $? = 0
configure:11486: result: GNU/Linux ld.so
configure:11608: checking how to hardcode library paths into programs
configure:11633: result: immediate
configure:12181: checking whether stripping libraries is possible
configure:12186: result: yes
configure:12221: checking if libtool supports shared libraries
configure:12223: result: yes
configure:12226: checking whether to build shared libraries
configure:12251: result: yes
configure:12254: checking whether to build static libraries
configure:12258: result: yes
configure:12462: checking C compiler vendor
configure:12482: gcc -E  conftest.c
configure:12482: $? = 0
configure:12496: result: gcc-7-5
configure:12555: checking whether #! works in shell scripts
configure:12572: result: yes
configure:12867: checking for a BSD-compatible install
configure:12935: result: /usr/bin/install -c
configure:12950: checking for cos in -lm
configure:12975: gcc -o conftest -g -O2   conftest.c -lm   >&5
conftest.c:29:6: warning: conflicting types for built-in function 'cos' [-Wbuiltin-declaration-mismatch]
 char cos ();
      ^~~
configure:12975: $? = 0
configure:12984: result: yes
configure:13004: checking math.h usability
configure:13004: gcc -c -g -O2  conftest.c >&5
configure:13004: $? = 0
configure:13004: result: yes
configure:13004: checking math.h presence
configure:13004: gcc -E  conftest.c
configure:13004: $? = 0
configure:13004: result: yes
configure:13004: checking for math.h
configure:13004: result: yes
configure:13012: checking for unistd.h
configure:13012: result: yes
configure:13023: checking for stdint.h
configure:13023: result: yes
configure:13030: checking sys/shm.h usability
configure:13030: gcc -c -g -O2  conftest.c >&5
configure:13030: $? = 0
configure:13030: result: yes
configure:13030: checking sys/shm.h presence
configure:13030: gcc -E  conftest.c
configure:13030: $? = 0
configure:13030: result: yes
configure:13030: checking for sys/shm.h
configure:13030: result: yes
configure:13037: checking for dirent.h
configure:13037: gcc -c -g -O2  conftest.c >&5
configure:13037: $? = 0
configure:13037: result: yes
configure:13046: checking for sys/select.h
configure:13046: gcc -c -g -O2  conftest.c >&5
configure:13046: $? = 0
configure:13046: result: yes
configure:13058: checking for off_t
configure:13058: gcc -c -g -O2  conftest.c >&5
configure:13058: $? = 0
configure:13058: gcc -c -g -O2  conftest.c >&5
conftest.c: In function 'main':
conftest.c:65:20: error: expected expression before ')' token
 if (sizeof ((off_t)))
                    ^
configure:13058: $? = 1
configure: failed program was:
| /* confdefs.h */
| #define PACKAGE_NAME "OCaml"
| #define PACKAGE_TARNAME "ocaml"
| #define PACKAGE_VERSION "4.12.0+dev0-2020-04-22"
| #define PACKAGE_STRING "OCaml 4.12.0+dev0-2020-04-22"
| #define PACKAGE_BUGREPORT "caml-list@inria.fr"
| #define PACKAGE_URL "http://www.ocaml.org"
| #define STDC_HEADERS 1
| #define HAVE_SYS_TYPES_H 1
| #define HAVE_SYS_STAT_H 1
| #define HAVE_STDLIB_H 1
| #define HAVE_STRING_H 1
| #define HAVE_MEMORY_H 1
| #define HAVE_STRINGS_H 1
| #define HAVE_INTTYPES_H 1
| #define HAVE_STDINT_H 1
| #define HAVE_UNISTD_H 1
| #define HAVE_DLFCN_H 1
| #define LT_OBJDIR ".libs/"
| #define HAS_ARCH_CODE32 1
| #define HAVE_LIBM 1
| #define HAVE_UNISTD_H 1
| #define HAS_UNISTD 1
| #define HAS_STDINT_H 1
| #define HAS_SYS_SHM_H 1
| #define HAS_DIRENT 1
| #define HAS_SYS_SELECT_H 1
| /* end confdefs.h.  */
| #include <stdio.h>
| #ifdef HAVE_SYS_TYPES_H
| # include <sys/types.h>
| #endif
| #ifdef HAVE_SYS_STAT_H
| # include <sys/stat.h>
| #endif
| #ifdef STDC_HEADERS
| # include <stdlib.h>
| # include <stddef.h>
| #else
| # ifdef HAVE_STDLIB_H
| #  include <stdlib.h>
| # endif
| #endif
| #ifdef HAVE_STRING_H
| # if !defined STDC_HEADERS && defined HAVE_MEMORY_H
| #  include <memory.h>
| # endif
| # include <string.h>
| #endif
| #ifdef HAVE_STRINGS_H
| # include <strings.h>
| #endif
| #ifdef HAVE_INTTYPES_H
| # include <inttypes.h>
| #endif
| #ifdef HAVE_STDINT_H
| # include <stdint.h>
| #endif
| #ifdef HAVE_UNISTD_H
| # include <unistd.h>
| #endif
| int
| main ()
| {
| if (sizeof ((off_t)))
| 	    return 0;
|   ;
|   return 0;
| }
configure:13058: result: yes
configure:13078: checking size of int
configure:13083: gcc -o conftest -g -O2   conftest.c -lm  >&5
configure:13083: $? = 0
configure:13083: ./conftest
configure:13083: $? = 0
configure:13097: result: 4
configure:13111: checking size of long
configure:13116: gcc -o conftest -g -O2   conftest.c -lm  >&5
configure:13116: $? = 0
configure:13116: ./conftest
configure:13116: $? = 0
configure:13130: result: 8
configure:13144: checking size of long *
configure:13149: gcc -o conftest -g -O2   conftest.c -lm  >&5
configure:13149: $? = 0
configure:13149: ./conftest
configure:13149: $? = 0
configure:13163: result: 8
configure:13177: checking size of short
configure:13182: gcc -o conftest -g -O2   conftest.c -lm  >&5
configure:13182: $? = 0
configure:13182: ./conftest
configure:13182: $? = 0
configure:13196: result: 2
configure:13210: checking size of long long
configure:13215: gcc -o conftest -g -O2   conftest.c -lm  >&5
configure:13215: $? = 0
configure:13215: ./conftest
configure:13215: $? = 0
configure:13229: result: 8
configure:13272: Target is a 64 bits architecture
configure:13275: checking whether byte ordering is bigendian
configure:13290: gcc -c -g -O2  conftest.c >&5
conftest.c:38:9: error: unknown type name 'not'
         not a universal capable compiler
         ^~~
conftest.c:38:15: error: expected '=', ',', ';', 'asm' or '__attribute__' before 'universal'
         not a universal capable compiler
               ^~~~~~~~~
conftest.c:38:15: error: unknown type name 'universal'
configure:13290: $? = 1
configure: failed program was:
| /* confdefs.h */
| #define PACKAGE_NAME "OCaml"
| #define PACKAGE_TARNAME "ocaml"
| #define PACKAGE_VERSION "4.12.0+dev0-2020-04-22"
| #define PACKAGE_STRING "OCaml 4.12.0+dev0-2020-04-22"
| #define PACKAGE_BUGREPORT "caml-list@inria.fr"
| #define PACKAGE_URL "http://www.ocaml.org"
| #define STDC_HEADERS 1
| #define HAVE_SYS_TYPES_H 1
| #define HAVE_SYS_STAT_H 1
| #define HAVE_STDLIB_H 1
| #define HAVE_STRING_H 1
| #define HAVE_MEMORY_H 1
| #define HAVE_STRINGS_H 1
| #define HAVE_INTTYPES_H 1
| #define HAVE_STDINT_H 1
| #define HAVE_UNISTD_H 1
| #define HAVE_DLFCN_H 1
| #define LT_OBJDIR ".libs/"
| #define HAS_ARCH_CODE32 1
| #define HAVE_LIBM 1
| #define HAVE_UNISTD_H 1
| #define HAS_UNISTD 1
| #define HAS_STDINT_H 1
| #define HAS_SYS_SHM_H 1
| #define HAS_DIRENT 1
| #define HAS_SYS_SELECT_H 1
| #define SIZEOF_INT 4
| #define SIZEOF_LONG 8
| #define SIZEOF_LONG_P 8
| #define SIZEOF_SHORT 2
| #define SIZEOF_LONG_LONG 8
| #define ARCH_SIXTYFOUR 1
| #define SIZEOF_PTR 8
| #define SIZEOF_LONGLONG 8
| /* end confdefs.h.  */
| #ifndef __APPLE_CC__
| 	       not a universal capable compiler
| 	     #endif
| 	     typedef int dummy;
| 
configure:13335: gcc -c -g -O2  conftest.c >&5
configure:13335: $? = 0
configure:13353: gcc -c -g -O2  conftest.c >&5
conftest.c: In function 'main':
conftest.c:44:4: error: unknown type name 'not'; did you mean 'ino_t'?
    not big endian
    ^~~
    ino_t
conftest.c:44:12: error: expected '=', ',', ';', 'asm' or '__attribute__' before 'endian'
    not big endian
            ^~~~~~
configure:13353: $? = 1
configure: failed program was:
| /* confdefs.h */
| #define PACKAGE_NAME "OCaml"
| #define PACKAGE_TARNAME "ocaml"
| #define PACKAGE_VERSION "4.12.0+dev0-2020-04-22"
| #define PACKAGE_STRING "OCaml 4.12.0+dev0-2020-04-22"
| #define PACKAGE_BUGREPORT "caml-list@inria.fr"
| #define PACKAGE_URL "http://www.ocaml.org"
| #define STDC_HEADERS 1
| #define HAVE_SYS_TYPES_H 1
| #define HAVE_SYS_STAT_H 1
| #define HAVE_STDLIB_H 1
| #define HAVE_STRING_H 1
| #define HAVE_MEMORY_H 1
| #define HAVE_STRINGS_H 1
| #define HAVE_INTTYPES_H 1
| #define HAVE_STDINT_H 1
| #define HAVE_UNISTD_H 1
| #define HAVE_DLFCN_H 1
| #define LT_OBJDIR ".libs/"
| #define HAS_ARCH_CODE32 1
| #define HAVE_LIBM 1
| #define HAVE_UNISTD_H 1
| #define HAS_UNISTD 1
| #define HAS_STDINT_H 1
| #define HAS_SYS_SHM_H 1
| #define HAS_DIRENT 1
| #define HAS_SYS_SELECT_H 1
| #define SIZEOF_INT 4
| #define SIZEOF_LONG 8
| #define SIZEOF_LONG_P 8
| #define SIZEOF_SHORT 2
| #define SIZEOF_LONG_LONG 8
| #define ARCH_SIXTYFOUR 1
| #define SIZEOF_PTR 8
| #define SIZEOF_LONGLONG 8
| /* end confdefs.h.  */
| #include <sys/types.h>
| 		#include <sys/param.h>
| 
| int
| main ()
| {
| #if BYTE_ORDER != BIG_ENDIAN
| 		 not big endian
| 		#endif
| 
|   ;
|   return 0;
| }
configure:13481: result: no
configure:13503: checking alignment of double
configure:13508: gcc -o conftest -g -O2   conftest.c -lm  >&5
configure:13508: $? = 0
configure:13508: ./conftest
configure:13508: $? = 0
configure:13526: result: 8
configure:13538: checking alignment of long
configure:13543: gcc -o conftest -g -O2   conftest.c -lm  >&5
configure:13543: $? = 0
configure:13543: ./conftest
configure:13543: $? = 0
configure:13561: result: 8
configure:13573: checking alignment of long long
configure:13578: gcc -o conftest -g -O2   conftest.c -lm  >&5
configure:13578: $? = 0
configure:13578: ./conftest
configure:13578: $? = 0
configure:13596: result: 8
configure:13756: checking whether the C compiler supports -fno-tree-vrp
configure:13764: gcc -c -Werror -fno-tree-vrp -g -O2  conftest.c >&5
configure:13764: $? = 0
configure:13766: result: yes
configure:13784: checking whether the C compiler supports __attribute__((aligned(n)))
configure:13790: gcc -c -g -O2  conftest.c >&5
configure:13790: $? = 0
configure:13793: result: yes
configure:13803: checking whether the C compiler supports __attribute__((optimize("tree-vectorize")))
configure:13814: gcc -c -Werror -g -O2  conftest.c >&5
configure:13814: $? = 0
configure:13817: result: yes
configure:13987: checking for ld
configure:14003: found /usr/bin/ld
configure:14014: result: ld
configure:14187: checking semantics of signal handlers
configure:14189: checking for sigaction
configure:14189: gcc -o conftest -g -O2   conftest.c -lm  >&5
configure:14189: $? = 0
configure:14189: result: yes
configure:14196: checking for sigprocmask
configure:14196: gcc -o conftest -g -O2   conftest.c -lm  >&5
configure:14196: $? = 0
configure:14196: result: yes
configure:14206: POSIX signal handling found.
configure:14228: checking for expm1
configure:14228: gcc -o conftest -g -O2   conftest.c -lm  >&5
conftest.c:67:6: warning: conflicting types for built-in function 'expm1' [-Wbuiltin-declaration-mismatch]
 char expm1 ();
      ^~~~~
configure:14228: $? = 0
configure:14228: result: yes
configure:14236: checking for log1p
configure:14236: gcc -o conftest -g -O2   conftest.c -lm  >&5
conftest.c:67:6: warning: conflicting types for built-in function 'log1p' [-Wbuiltin-declaration-mismatch]
 char log1p ();
      ^~~~~
configure:14236: $? = 0
configure:14236: result: yes
configure:14245: checking for hypot
configure:14245: gcc -o conftest -g -O2   conftest.c -lm  >&5
conftest.c:67:6: warning: conflicting types for built-in function 'hypot' [-Wbuiltin-declaration-mismatch]
 char hypot ();
      ^~~~~
configure:14245: $? = 0
configure:14245: result: yes
configure:14254: checking for fma
configure:14254: gcc -o conftest -g -O2   conftest.c -lm  >&5
conftest.c:67:6: warning: conflicting types for built-in function 'fma' [-Wbuiltin-declaration-mismatch]
 char fma ();
      ^~~
configure:14254: $? = 0
configure:14254: result: yes
configure:14270: checking for copysign
configure:14270: gcc -o conftest -g -O2   conftest.c -lm  >&5
conftest.c:68:6: warning: conflicting types for built-in function 'copysign' [-Wbuiltin-declaration-mismatch]
 char copysign ();
      ^~~~~~~~
configure:14270: $? = 0
configure:14270: result: yes
configure:14280: checking for getrusage
configure:14280: gcc -o conftest -g -O2   conftest.c -lm  >&5
configure:14280: $? = 0
configure:14280: result: yes
configure:14288: checking for times
configure:14288: gcc -o conftest -g -O2   conftest.c -lm  >&5
configure:14288: $? = 0
configure:14288: result: yes
configure:14300: checking for secure_getenv
configure:14300: gcc -o conftest -g -O2 -D_GNU_SOURCE   conftest.c -lm  >&5
configure:14300: $? = 0
configure:14300: result: yes
configure:14318: checking for issetugid
configure:14318: gcc -o conftest -g -O2   conftest.c -lm  >&5
/tmp/cchCkPXb.o: In function `main':
/home/anukriti/Desktop/ocaml_Anu/ocaml/conftest.c:83: undefined reference to `issetugid'
collect2: error: ld returned 1 exit status
configure:14318: $? = 1
configure: failed program was:
| /* confdefs.h */
| #define PACKAGE_NAME "OCaml"
| #define PACKAGE_TARNAME "ocaml"
| #define PACKAGE_VERSION "4.12.0+dev0-2020-04-22"
| #define PACKAGE_STRING "OCaml 4.12.0+dev0-2020-04-22"
| #define PACKAGE_BUGREPORT "caml-list@inria.fr"
| #define PACKAGE_URL "http://www.ocaml.org"
| #define STDC_HEADERS 1
| #define HAVE_SYS_TYPES_H 1
| #define HAVE_SYS_STAT_H 1
| #define HAVE_STDLIB_H 1
| #define HAVE_STRING_H 1
| #define HAVE_MEMORY_H 1
| #define HAVE_STRINGS_H 1
| #define HAVE_INTTYPES_H 1
| #define HAVE_STDINT_H 1
| #define HAVE_UNISTD_H 1
| #define HAVE_DLFCN_H 1
| #define LT_OBJDIR ".libs/"
| #define HAS_ARCH_CODE32 1
| #define HAVE_LIBM 1
| #define HAVE_UNISTD_H 1
| #define HAS_UNISTD 1
| #define HAS_STDINT_H 1
| #define HAS_SYS_SHM_H 1
| #define HAS_DIRENT 1
| #define HAS_SYS_SELECT_H 1
| #define SIZEOF_INT 4
| #define SIZEOF_LONG 8
| #define SIZEOF_LONG_P 8
| #define SIZEOF_SHORT 2
| #define SIZEOF_LONG_LONG 8
| #define ARCH_SIXTYFOUR 1
| #define SIZEOF_PTR 8
| #define SIZEOF_LONGLONG 8
| #define ALIGNOF_DOUBLE 8
| #define ALIGNOF_LONG 8
| #define ALIGNOF_LONG_LONG 8
| #define SUPPORTS_ALIGNED_ATTRIBUTE 1
| #define SUPPORTS_TREE_VECTORIZE 1
| #define OCAML_OS_TYPE "Unix"
| #define POSIX_SIGNALS 1
| #define HAS_WORKING_FMA 1
| #define HAS_C99_FLOAT_OPS 1
| #define HAS_GETRUSAGE 1
| #define HAS_TIMES 1
| #define HAS_SECURE_GETENV 1
| /* end confdefs.h.  */
| /* Define issetugid to an innocuous variant, in case <limits.h> declares issetugid.
|    For example, HP-UX 11i <limits.h> declares gettimeofday.  */
| #define issetugid innocuous_issetugid
| 
| /* System header to define __stub macros and hopefully few prototypes,
|     which can conflict with char issetugid (); below.
|     Prefer <limits.h> to <assert.h> if __STDC__ is defined, since
|     <limits.h> exists even on freestanding compilers.  */
| 
| #ifdef __STDC__
| # include <limits.h>
| #else
| # include <assert.h>
| #endif
| 
| #undef issetugid
| 
| /* Override any GCC internal prototype to avoid an error.
|    Use char because int might match the return type of a GCC
|    builtin and then its argument prototype would still apply.  */
| #ifdef __cplusplus
| extern "C"
| #endif
| char issetugid ();
| /* The GNU C library defines this for functions which it implements
|     to always fail with ENOSYS.  Some functions are actually named
|     something starting with __ and the normal name is an alias.  */
| #if defined __stub_issetugid || defined __stub___issetugid
| choke me
| #endif
| 
| int
| main ()
| {
| return issetugid ();
|   ;
|   return 0;
| }
configure:14318: result: no
configure:14371: gcc -c -g -O2  conftest.c >&5
configure:14371: $? = 0
configure:14411: checking for library containing clock_gettime
configure:14442: gcc -o conftest -g -O2   conftest.c -lm  >&5
configure:14442: $? = 0
configure:14459: result: none required
configure:14518: checking for socket
configure:14518: gcc -o conftest -g -O2   conftest.c -lm  >&5
configure:14518: $? = 0
configure:14518: result: yes
configure:14523: checking for socketpair
configure:14523: gcc -o conftest -g -O2   conftest.c -lm  >&5
configure:14523: $? = 0
configure:14523: result: yes
configure:14528: checking for bind
configure:14528: gcc -o conftest -g -O2   conftest.c -lm  >&5
configure:14528: $? = 0
configure:14528: result: yes
configure:14533: checking for listen
configure:14533: gcc -o conftest -g -O2   conftest.c -lm  >&5
configure:14533: $? = 0
configure:14533: result: yes
configure:14538: checking for accept
configure:14538: gcc -o conftest -g -O2   conftest.c -lm  >&5
configure:14538: $? = 0
configure:14538: result: yes
configure:14543: checking for connect
configure:14543: gcc -o conftest -g -O2   conftest.c -lm  >&5
configure:14543: $? = 0
configure:14543: result: yes
configure:14560: checking for socklen_t
configure:14560: gcc -c -g -O2  conftest.c >&5
configure:14560: $? = 0
configure:14560: gcc -c -g -O2  conftest.c >&5
conftest.c: In function 'main':
conftest.c:56:24: error: expected expression before ')' token
 if (sizeof ((socklen_t)))
                        ^
configure:14560: $? = 1
configure: failed program was:
| /* confdefs.h */
| #define PACKAGE_NAME "OCaml"
| #define PACKAGE_TARNAME "ocaml"
| #define PACKAGE_VERSION "4.12.0+dev0-2020-04-22"
| #define PACKAGE_STRING "OCaml 4.12.0+dev0-2020-04-22"
| #define PACKAGE_BUGREPORT "caml-list@inria.fr"
| #define PACKAGE_URL "http://www.ocaml.org"
| #define STDC_HEADERS 1
| #define HAVE_SYS_TYPES_H 1
| #define HAVE_SYS_STAT_H 1
| #define HAVE_STDLIB_H 1
| #define HAVE_STRING_H 1
| #define HAVE_MEMORY_H 1
| #define HAVE_STRINGS_H 1
| #define HAVE_INTTYPES_H 1
| #define HAVE_STDINT_H 1
| #define HAVE_UNISTD_H 1
| #define HAVE_DLFCN_H 1
| #define LT_OBJDIR ".libs/"
| #define HAS_ARCH_CODE32 1
| #define HAVE_LIBM 1
| #define HAVE_UNISTD_H 1
| #define HAS_UNISTD 1
| #define HAS_STDINT_H 1
| #define HAS_SYS_SHM_H 1
| #define HAS_DIRENT 1
| #define HAS_SYS_SELECT_H 1
| #define SIZEOF_INT 4
| #define SIZEOF_LONG 8
| #define SIZEOF_LONG_P 8
| #define SIZEOF_SHORT 2
| #define SIZEOF_LONG_LONG 8
| #define ARCH_SIXTYFOUR 1
| #define SIZEOF_PTR 8
| #define SIZEOF_LONGLONG 8
| #define ALIGNOF_DOUBLE 8
| #define ALIGNOF_LONG 8
| #define ALIGNOF_LONG_LONG 8
| #define SUPPORTS_ALIGNED_ATTRIBUTE 1
| #define SUPPORTS_TREE_VECTORIZE 1
| #define OCAML_OS_TYPE "Unix"
| #define POSIX_SIGNALS 1
| #define HAS_WORKING_FMA 1
| #define HAS_C99_FLOAT_OPS 1
| #define HAS_GETRUSAGE 1
| #define HAS_TIMES 1
| #define HAS_SECURE_GETENV 1
| #define HAS_POSIX_MONOTONIC_CLOCK 1
| #define HAS_SOCKETS 1
| /* end confdefs.h.  */
| #include <sys/socket.h>
| 
| int
| main ()
| {
| if (sizeof ((socklen_t)))
| 	    return 0;
|   ;
|   return 0;
| }
configure:14560: result: yes
configure:14568: checking for inet_aton
configure:14568: gcc -o conftest -g -O2   conftest.c -lm  >&5
configure:14568: $? = 0
configure:14568: result: yes
configure:14579: checking for struct sockaddr_in6
configure:14579: gcc -c -g -O2  conftest.c >&5
configure:14579: $? = 0
configure:14579: gcc -c -g -O2  conftest.c >&5
conftest.c: In function 'main':
conftest.c:63:34: error: expected expression before ')' token
 if (sizeof ((struct sockaddr_in6)))
                                  ^
configure:14579: $? = 1
configure: failed program was:
| /* confdefs.h */
| #define PACKAGE_NAME "OCaml"
| #define PACKAGE_TARNAME "ocaml"
| #define PACKAGE_VERSION "4.12.0+dev0-2020-04-22"
| #define PACKAGE_STRING "OCaml 4.12.0+dev0-2020-04-22"
| #define PACKAGE_BUGREPORT "caml-list@inria.fr"
| #define PACKAGE_URL "http://www.ocaml.org"
| #define STDC_HEADERS 1
| #define HAVE_SYS_TYPES_H 1
| #define HAVE_SYS_STAT_H 1
| #define HAVE_STDLIB_H 1
| #define HAVE_STRING_H 1
| #define HAVE_MEMORY_H 1
| #define HAVE_STRINGS_H 1
| #define HAVE_INTTYPES_H 1
| #define HAVE_STDINT_H 1
| #define HAVE_UNISTD_H 1
| #define HAVE_DLFCN_H 1
| #define LT_OBJDIR ".libs/"
| #define HAS_ARCH_CODE32 1
| #define HAVE_LIBM 1
| #define HAVE_UNISTD_H 1
| #define HAS_UNISTD 1
| #define HAS_STDINT_H 1
| #define HAS_SYS_SHM_H 1
| #define HAS_DIRENT 1
| #define HAS_SYS_SELECT_H 1
| #define SIZEOF_INT 4
| #define SIZEOF_LONG 8
| #define SIZEOF_LONG_P 8
| #define SIZEOF_SHORT 2
| #define SIZEOF_LONG_LONG 8
| #define ARCH_SIXTYFOUR 1
| #define SIZEOF_PTR 8
| #define SIZEOF_LONGLONG 8
| #define ALIGNOF_DOUBLE 8
| #define ALIGNOF_LONG 8
| #define ALIGNOF_LONG_LONG 8
| #define SUPPORTS_ALIGNED_ATTRIBUTE 1
| #define SUPPORTS_TREE_VECTORIZE 1
| #define OCAML_OS_TYPE "Unix"
| #define POSIX_SIGNALS 1
| #define HAS_WORKING_FMA 1
| #define HAS_C99_FLOAT_OPS 1
| #define HAS_GETRUSAGE 1
| #define HAS_TIMES 1
| #define HAS_SECURE_GETENV 1
| #define HAS_POSIX_MONOTONIC_CLOCK 1
| #define HAS_SOCKETS 1
| #define HAS_SOCKLEN_T 1
| #define HAS_INET_ATON 1
| /* end confdefs.h.  */
| 
| #include <sys/types.h>
| #include <sys/socket.h>
| #include <netinet/in.h>
| 
| 
| 
| int
| main ()
| {
| if (sizeof ((struct sockaddr_in6)))
| 	    return 0;
|   ;
|   return 0;
| }
configure:14579: result: yes
configure:14594: checking for getaddrinfo
configure:14594: gcc -o conftest -g -O2   conftest.c -lm  >&5
configure:14594: $? = 0
configure:14594: result: yes
configure:14604: checking for getnameinfo
configure:14604: gcc -o conftest -g -O2   conftest.c -lm  >&5
configure:14604: $? = 0
configure:14604: result: yes
configure:14614: checking for inet_pton
configure:14614: gcc -o conftest -g -O2   conftest.c -lm  >&5
configure:14614: $? = 0
configure:14614: result: yes
configure:14624: checking for inet_ntop
configure:14624: gcc -o conftest -g -O2   conftest.c -lm  >&5
configure:14624: $? = 0
configure:14624: result: yes
configure:14632: checking for rewinddir
configure:14632: gcc -o conftest -g -O2   conftest.c -lm  >&5
configure:14632: $? = 0
configure:14632: result: yes
configure:14639: checking for lockf
configure:14639: gcc -o conftest -g -O2   conftest.c -lm  >&5
configure:14639: $? = 0
configure:14639: result: yes
configure:14646: checking for mkfifo
configure:14646: gcc -o conftest -g -O2   conftest.c -lm  >&5
configure:14646: $? = 0
configure:14646: result: yes
configure:14653: checking for getcwd
configure:14653: gcc -o conftest -g -O2   conftest.c -lm  >&5
configure:14653: $? = 0
configure:14653: result: yes
configure:14669: checking for sys/types.h
configure:14669: result: yes
configure:14671: checking utime.h usability
configure:14671: gcc -c -g -O2  conftest.c >&5
configure:14671: $? = 0
configure:14671: result: yes
configure:14671: checking utime.h presence
configure:14671: gcc -E  conftest.c
configure:14671: $? = 0
configure:14671: result: yes
configure:14671: checking for utime.h
configure:14671: result: yes
configure:14673: checking for utime
configure:14673: gcc -o conftest -g -O2   conftest.c -lm  >&5
configure:14673: $? = 0
configure:14673: result: yes
configure:14687: checking for utimes
configure:14687: gcc -o conftest -g -O2   conftest.c -lm  >&5
configure:14687: $? = 0
configure:14687: result: yes
configure:14694: checking for fchmod
configure:14694: gcc -o conftest -g -O2   conftest.c -lm  >&5
configure:14694: $? = 0
configure:14694: result: yes
configure:14696: checking for fchown
configure:14696: gcc -o conftest -g -O2   conftest.c -lm  >&5
configure:14696: $? = 0
configure:14696: result: yes
configure:14705: checking for truncate
configure:14705: gcc -o conftest -g -O2   conftest.c -lm  >&5
configure:14705: $? = 0
configure:14705: result: yes
configure:14707: checking for ftruncate
configure:14707: gcc -o conftest -g -O2   conftest.c -lm  >&5
configure:14707: $? = 0
configure:14707: result: yes
configure:14717: checking for select
configure:14717: gcc -o conftest -g -O2   conftest.c -lm  >&5
configure:14717: $? = 0
configure:14717: result: yes
configure:14719: checking for fd_set
configure:14719: gcc -c -g -O2  conftest.c >&5
configure:14719: $? = 0
configure:14719: gcc -c -g -O2  conftest.c >&5
conftest.c: In function 'main':
conftest.c:70:21: error: expected expression before ')' token
 if (sizeof ((fd_set)))
                     ^
configure:14719: $? = 1
configure: failed program was:
| /* confdefs.h */
| #define PACKAGE_NAME "OCaml"
| #define PACKAGE_TARNAME "ocaml"
| #define PACKAGE_VERSION "4.12.0+dev0-2020-04-22"
| #define PACKAGE_STRING "OCaml 4.12.0+dev0-2020-04-22"
| #define PACKAGE_BUGREPORT "caml-list@inria.fr"
| #define PACKAGE_URL "http://www.ocaml.org"
| #define STDC_HEADERS 1
| #define HAVE_SYS_TYPES_H 1
| #define HAVE_SYS_STAT_H 1
| #define HAVE_STDLIB_H 1
| #define HAVE_STRING_H 1
| #define HAVE_MEMORY_H 1
| #define HAVE_STRINGS_H 1
| #define HAVE_INTTYPES_H 1
| #define HAVE_STDINT_H 1
| #define HAVE_UNISTD_H 1
| #define HAVE_DLFCN_H 1
| #define LT_OBJDIR ".libs/"
| #define HAS_ARCH_CODE32 1
| #define HAVE_LIBM 1
| #define HAVE_UNISTD_H 1
| #define HAS_UNISTD 1
| #define HAS_STDINT_H 1
| #define HAS_SYS_SHM_H 1
| #define HAS_DIRENT 1
| #define HAS_SYS_SELECT_H 1
| #define SIZEOF_INT 4
| #define SIZEOF_LONG 8
| #define SIZEOF_LONG_P 8
| #define SIZEOF_SHORT 2
| #define SIZEOF_LONG_LONG 8
| #define ARCH_SIXTYFOUR 1
| #define SIZEOF_PTR 8
| #define SIZEOF_LONGLONG 8
| #define ALIGNOF_DOUBLE 8
| #define ALIGNOF_LONG 8
| #define ALIGNOF_LONG_LONG 8
| #define SUPPORTS_ALIGNED_ATTRIBUTE 1
| #define SUPPORTS_TREE_VECTORIZE 1
| #define OCAML_OS_TYPE "Unix"
| #define POSIX_SIGNALS 1
| #define HAS_WORKING_FMA 1
| #define HAS_C99_FLOAT_OPS 1
| #define HAS_GETRUSAGE 1
| #define HAS_TIMES 1
| #define HAS_SECURE_GETENV 1
| #define HAS_POSIX_MONOTONIC_CLOCK 1
| #define HAS_SOCKETS 1
| #define HAS_SOCKLEN_T 1
| #define HAS_INET_ATON 1
| #define HAS_IPV6 1
| #define HAS_REWINDDIR 1
| #define HAS_LOCKF 1
| #define HAS_MKFIFO 1
| #define HAS_GETCWD 1
| #define HAS_UTIME 1
| #define HAS_UTIMES 1
| #define HAS_FCHMOD 1
| #define HAS_TRUNCATE 1
| /* end confdefs.h.  */
| 
| #include <sys/types.h>
| #include <sys/select.h>
| 
| 
| int
| main ()
| {
| if (sizeof ((fd_set)))
| 	    return 0;
|   ;
|   return 0;
| }
configure:14719: result: yes
configure:14735: checking for nanosleep
configure:14735: gcc -o conftest -g -O2   conftest.c -lm  >&5
configure:14735: $? = 0
configure:14735: result: yes
configure:14742: checking for symlink
configure:14742: gcc -o conftest -g -O2   conftest.c -lm  >&5
configure:14742: $? = 0
configure:14742: result: yes
configure:14744: checking for readlink
configure:14744: gcc -o conftest -g -O2   conftest.c -lm  >&5
configure:14744: $? = 0
configure:14744: result: yes
configure:14746: checking for lstat
configure:14746: gcc -o conftest -g -O2   conftest.c -lm  >&5
configure:14746: $? = 0
configure:14746: result: yes
configure:14758: checking for waitpid
configure:14758: gcc -o conftest -g -O2   conftest.c -lm  >&5
configure:14758: $? = 0
configure:14758: result: yes
configure:14770: checking for wait4
configure:14770: gcc -o conftest -g -O2   conftest.c -lm  >&5
configure:14770: $? = 0
configure:14770: result: yes
configure:14781: checking for getgroups
configure:14781: gcc -o conftest -g -O2   conftest.c -lm  >&5
configure:14781: $? = 0
configure:14781: result: yes
configure:14789: checking for setgroups
configure:14789: gcc -o conftest -g -O2   conftest.c -lm  >&5
configure:14789: $? = 0
configure:14789: result: yes
configure:14797: checking for initgroups
configure:14797: gcc -o conftest -g -O2   conftest.c -lm  >&5
configure:14797: $? = 0
configure:14797: result: yes
configure:14806: checking termios.h usability
configure:14806: gcc -c -g -O2  conftest.c >&5
configure:14806: $? = 0
configure:14806: result: yes
configure:14806: checking termios.h presence
configure:14806: gcc -E  conftest.c
configure:14806: $? = 0
configure:14806: result: yes
configure:14806: checking for termios.h
configure:14806: result: yes
configure:14808: checking for tcgetattr
configure:14808: gcc -o conftest -g -O2   conftest.c -lm  >&5
configure:14808: $? = 0
configure:14808: result: yes
configure:14810: checking for tcsetattr
configure:14810: gcc -o conftest -g -O2   conftest.c -lm  >&5
configure:14810: $? = 0
configure:14810: result: yes
configure:14812: checking for tcsendbreak
configure:14812: gcc -o conftest -g -O2   conftest.c -lm  >&5
configure:14812: $? = 0
configure:14812: result: yes
configure:14814: checking for tcflush
configure:14814: gcc -o conftest -g -O2   conftest.c -lm  >&5
configure:14814: $? = 0
configure:14814: result: yes
configure:14816: checking for tcflow
configure:14816: gcc -o conftest -g -O2   conftest.c -lm  >&5
configure:14816: $? = 0
configure:14816: result: yes
configure:14836: checking for setitimer
configure:14836: gcc -o conftest -g -O2   conftest.c -lm  >&5
configure:14836: $? = 0
configure:14836: result: yes
configure:14856: checking for gethostname
configure:14856: gcc -o conftest -g -O2   conftest.c -lm  >&5
configure:14856: $? = 0
configure:14856: result: yes
configure:14866: checking sys/utsname.h usability
configure:14866: gcc -c -g -O2  conftest.c >&5
configure:14866: $? = 0
configure:14866: result: yes
configure:14866: checking sys/utsname.h presence
configure:14866: gcc -E  conftest.c
configure:14866: $? = 0
configure:14866: result: yes
configure:14866: checking for sys/utsname.h
configure:14866: result: yes
configure:14868: checking for uname
configure:14868: gcc -o conftest -g -O2   conftest.c -lm  >&5
configure:14868: $? = 0
configure:14868: result: yes
configure:14880: checking for gettimeofday
configure:14880: gcc -o conftest -g -O2   conftest.c -lm  >&5
configure:14880: $? = 0
configure:14880: result: yes
configure:14894: checking for mktime
configure:14894: gcc -o conftest -g -O2   conftest.c -lm  >&5
configure:14894: $? = 0
configure:14894: result: yes
configure:14907: checking for setsid
configure:14907: gcc -o conftest -g -O2   conftest.c -lm  >&5
configure:14907: $? = 0
configure:14907: result: yes
configure:14917: checking for putenv
configure:14917: gcc -o conftest -g -O2   conftest.c -lm  >&5
configure:14917: $? = 0
configure:14917: result: yes
configure:14926: checking for setenv
configure:14926: gcc -o conftest -g -O2   conftest.c -lm  >&5
configure:14926: $? = 0
configure:14926: result: yes
configure:14928: checking for unsetenv
configure:14928: gcc -o conftest -g -O2   conftest.c -lm  >&5
configure:14928: $? = 0
configure:14928: result: yes
configure:14945: checking locale.h usability
configure:14945: gcc -c -g -O2  conftest.c >&5
configure:14945: $? = 0
configure:14945: result: yes
configure:14945: checking locale.h presence
configure:14945: gcc -E  conftest.c
configure:14945: $? = 0
configure:14945: result: yes
configure:14945: checking for locale.h
configure:14945: result: yes
configure:14947: checking for newlocale
configure:14947: gcc -o conftest -g -O2   conftest.c -lm  >&5
configure:14947: $? = 0
configure:14947: result: yes
configure:14949: checking for freelocale
configure:14949: gcc -o conftest -g -O2   conftest.c -lm  >&5
configure:14949: $? = 0
configure:14949: result: yes
configure:14951: checking for uselocale
configure:14951: gcc -o conftest -g -O2   conftest.c -lm  >&5
configure:14951: $? = 0
configure:14951: result: yes
configure:14966: checking xlocale.h usability
configure:14966: gcc -c -g -O2  conftest.c >&5
conftest.c:113:10: fatal error: xlocale.h: No such file or directory
 #include <xlocale.h>
          ^~~~~~~~~~~
compilation terminated.
configure:14966: $? = 1
configure: failed program was:
| /* confdefs.h */
| #define PACKAGE_NAME "OCaml"
| #define PACKAGE_TARNAME "ocaml"
| #define PACKAGE_VERSION "4.12.0+dev0-2020-04-22"
| #define PACKAGE_STRING "OCaml 4.12.0+dev0-2020-04-22"
| #define PACKAGE_BUGREPORT "caml-list@inria.fr"
| #define PACKAGE_URL "http://www.ocaml.org"
| #define STDC_HEADERS 1
| #define HAVE_SYS_TYPES_H 1
| #define HAVE_SYS_STAT_H 1
| #define HAVE_STDLIB_H 1
| #define HAVE_STRING_H 1
| #define HAVE_MEMORY_H 1
| #define HAVE_STRINGS_H 1
| #define HAVE_INTTYPES_H 1
| #define HAVE_STDINT_H 1
| #define HAVE_UNISTD_H 1
| #define HAVE_DLFCN_H 1
| #define LT_OBJDIR ".libs/"
| #define HAS_ARCH_CODE32 1
| #define HAVE_LIBM 1
| #define HAVE_UNISTD_H 1
| #define HAS_UNISTD 1
| #define HAS_STDINT_H 1
| #define HAS_SYS_SHM_H 1
| #define HAS_DIRENT 1
| #define HAS_SYS_SELECT_H 1
| #define SIZEOF_INT 4
| #define SIZEOF_LONG 8
| #define SIZEOF_LONG_P 8
| #define SIZEOF_SHORT 2
| #define SIZEOF_LONG_LONG 8
| #define ARCH_SIXTYFOUR 1
| #define SIZEOF_PTR 8
| #define SIZEOF_LONGLONG 8
| #define ALIGNOF_DOUBLE 8
| #define ALIGNOF_LONG 8
| #define ALIGNOF_LONG_LONG 8
| #define SUPPORTS_ALIGNED_ATTRIBUTE 1
| #define SUPPORTS_TREE_VECTORIZE 1
| #define OCAML_OS_TYPE "Unix"
| #define POSIX_SIGNALS 1
| #define HAS_WORKING_FMA 1
| #define HAS_C99_FLOAT_OPS 1
| #define HAS_GETRUSAGE 1
| #define HAS_TIMES 1
| #define HAS_SECURE_GETENV 1
| #define HAS_POSIX_MONOTONIC_CLOCK 1
| #define HAS_SOCKETS 1
| #define HAS_SOCKLEN_T 1
| #define HAS_INET_ATON 1
| #define HAS_IPV6 1
| #define HAS_REWINDDIR 1
| #define HAS_LOCKF 1
| #define HAS_MKFIFO 1
| #define HAS_GETCWD 1
| #define HAS_UTIME 1
| #define HAS_UTIMES 1
| #define HAS_FCHMOD 1
| #define HAS_TRUNCATE 1
| #define HAS_SELECT 1
| #define HAS_NANOSLEEP 1
| #define HAS_SYMLINK 1
| #define HAS_WAITPID 1
| #define HAS_WAIT4 1
| #define HAS_GETGROUPS 1
| #define HAS_SETGROUPS 1
| #define HAS_INITGROUPS 1
| #define HAS_TERMIOS 1
| #define HAS_SETITIMER 1
| #define HAS_GETHOSTNAME 1
| #define HAS_UNAME 1
| #define HAS_GETTIMEOFDAY 1
| #define HAS_MKTIME 1
| #define HAS_SETSID 1
| #define HAS_PUTENV 1
| #define HAS_SETENV_UNSETENV 1
| #define HAS_LOCALE_H 1
| /* end confdefs.h.  */
| #include <stdio.h>
| #ifdef HAVE_SYS_TYPES_H
| # include <sys/types.h>
| #endif
| #ifdef HAVE_SYS_STAT_H
| # include <sys/stat.h>
| #endif
| #ifdef STDC_HEADERS
| # include <stdlib.h>
| # include <stddef.h>
| #else
| # ifdef HAVE_STDLIB_H
| #  include <stdlib.h>
| # endif
| #endif
| #ifdef HAVE_STRING_H
| # if !defined STDC_HEADERS && defined HAVE_MEMORY_H
| #  include <memory.h>
| # endif
| # include <string.h>
| #endif
| #ifdef HAVE_STRINGS_H
| # include <strings.h>
| #endif
| #ifdef HAVE_INTTYPES_H
| # include <inttypes.h>
| #endif
| #ifdef HAVE_STDINT_H
| # include <stdint.h>
| #endif
| #ifdef HAVE_UNISTD_H
| # include <unistd.h>
| #endif
| #include <xlocale.h>
configure:14966: result: no
configure:14966: checking xlocale.h presence
configure:14966: gcc -E  conftest.c
conftest.c:80:10: fatal error: xlocale.h: No such file or directory
 #include <xlocale.h>
          ^~~~~~~~~~~
compilation terminated.
configure:14966: $? = 1
configure: failed program was:
| /* confdefs.h */
| #define PACKAGE_NAME "OCaml"
| #define PACKAGE_TARNAME "ocaml"
| #define PACKAGE_VERSION "4.12.0+dev0-2020-04-22"
| #define PACKAGE_STRING "OCaml 4.12.0+dev0-2020-04-22"
| #define PACKAGE_BUGREPORT "caml-list@inria.fr"
| #define PACKAGE_URL "http://www.ocaml.org"
| #define STDC_HEADERS 1
| #define HAVE_SYS_TYPES_H 1
| #define HAVE_SYS_STAT_H 1
| #define HAVE_STDLIB_H 1
| #define HAVE_STRING_H 1
| #define HAVE_MEMORY_H 1
| #define HAVE_STRINGS_H 1
| #define HAVE_INTTYPES_H 1
| #define HAVE_STDINT_H 1
| #define HAVE_UNISTD_H 1
| #define HAVE_DLFCN_H 1
| #define LT_OBJDIR ".libs/"
| #define HAS_ARCH_CODE32 1
| #define HAVE_LIBM 1
| #define HAVE_UNISTD_H 1
| #define HAS_UNISTD 1
| #define HAS_STDINT_H 1
| #define HAS_SYS_SHM_H 1
| #define HAS_DIRENT 1
| #define HAS_SYS_SELECT_H 1
| #define SIZEOF_INT 4
| #define SIZEOF_LONG 8
| #define SIZEOF_LONG_P 8
| #define SIZEOF_SHORT 2
| #define SIZEOF_LONG_LONG 8
| #define ARCH_SIXTYFOUR 1
| #define SIZEOF_PTR 8
| #define SIZEOF_LONGLONG 8
| #define ALIGNOF_DOUBLE 8
| #define ALIGNOF_LONG 8
| #define ALIGNOF_LONG_LONG 8
| #define SUPPORTS_ALIGNED_ATTRIBUTE 1
| #define SUPPORTS_TREE_VECTORIZE 1
| #define OCAML_OS_TYPE "Unix"
| #define POSIX_SIGNALS 1
| #define HAS_WORKING_FMA 1
| #define HAS_C99_FLOAT_OPS 1
| #define HAS_GETRUSAGE 1
| #define HAS_TIMES 1
| #define HAS_SECURE_GETENV 1
| #define HAS_POSIX_MONOTONIC_CLOCK 1
| #define HAS_SOCKETS 1
| #define HAS_SOCKLEN_T 1
| #define HAS_INET_ATON 1
| #define HAS_IPV6 1
| #define HAS_REWINDDIR 1
| #define HAS_LOCKF 1
| #define HAS_MKFIFO 1
| #define HAS_GETCWD 1
| #define HAS_UTIME 1
| #define HAS_UTIMES 1
| #define HAS_FCHMOD 1
| #define HAS_TRUNCATE 1
| #define HAS_SELECT 1
| #define HAS_NANOSLEEP 1
| #define HAS_SYMLINK 1
| #define HAS_WAITPID 1
| #define HAS_WAIT4 1
| #define HAS_GETGROUPS 1
| #define HAS_SETGROUPS 1
| #define HAS_INITGROUPS 1
| #define HAS_TERMIOS 1
| #define HAS_SETITIMER 1
| #define HAS_GETHOSTNAME 1
| #define HAS_UNAME 1
| #define HAS_GETTIMEOFDAY 1
| #define HAS_MKTIME 1
| #define HAS_SETSID 1
| #define HAS_PUTENV 1
| #define HAS_SETENV_UNSETENV 1
| #define HAS_LOCALE_H 1
| /* end confdefs.h.  */
| #include <xlocale.h>
configure:14966: result: no
configure:14966: checking for xlocale.h
configure:14966: result: no
configure:14994: checking for strtod_l
configure:14994: gcc -o conftest -g -O2   conftest.c -lm  >&5
configure:14994: $? = 0
configure:14994: result: yes
configure:15008: checking for dlopen
configure:15008: gcc -o conftest -g -O2   conftest.c -lm  >&5
/tmp/cctvoMWc.o: In function `main':
/home/anukriti/Desktop/ocaml_Anu/ocaml/conftest.c:115: undefined reference to `dlopen'
collect2: error: ld returned 1 exit status
configure:15008: $? = 1
configure: failed program was:
| /* confdefs.h */
| #define PACKAGE_NAME "OCaml"
| #define PACKAGE_TARNAME "ocaml"
| #define PACKAGE_VERSION "4.12.0+dev0-2020-04-22"
| #define PACKAGE_STRING "OCaml 4.12.0+dev0-2020-04-22"
| #define PACKAGE_BUGREPORT "caml-list@inria.fr"
| #define PACKAGE_URL "http://www.ocaml.org"
| #define STDC_HEADERS 1
| #define HAVE_SYS_TYPES_H 1
| #define HAVE_SYS_STAT_H 1
| #define HAVE_STDLIB_H 1
| #define HAVE_STRING_H 1
| #define HAVE_MEMORY_H 1
| #define HAVE_STRINGS_H 1
| #define HAVE_INTTYPES_H 1
| #define HAVE_STDINT_H 1
| #define HAVE_UNISTD_H 1
| #define HAVE_DLFCN_H 1
| #define LT_OBJDIR ".libs/"
| #define HAS_ARCH_CODE32 1
| #define HAVE_LIBM 1
| #define HAVE_UNISTD_H 1
| #define HAS_UNISTD 1
| #define HAS_STDINT_H 1
| #define HAS_SYS_SHM_H 1
| #define HAS_DIRENT 1
| #define HAS_SYS_SELECT_H 1
| #define SIZEOF_INT 4
| #define SIZEOF_LONG 8
| #define SIZEOF_LONG_P 8
| #define SIZEOF_SHORT 2
| #define SIZEOF_LONG_LONG 8
| #define ARCH_SIXTYFOUR 1
| #define SIZEOF_PTR 8
| #define SIZEOF_LONGLONG 8
| #define ALIGNOF_DOUBLE 8
| #define ALIGNOF_LONG 8
| #define ALIGNOF_LONG_LONG 8
| #define SUPPORTS_ALIGNED_ATTRIBUTE 1
| #define SUPPORTS_TREE_VECTORIZE 1
| #define OCAML_OS_TYPE "Unix"
| #define POSIX_SIGNALS 1
| #define HAS_WORKING_FMA 1
| #define HAS_C99_FLOAT_OPS 1
| #define HAS_GETRUSAGE 1
| #define HAS_TIMES 1
| #define HAS_SECURE_GETENV 1
| #define HAS_POSIX_MONOTONIC_CLOCK 1
| #define HAS_SOCKETS 1
| #define HAS_SOCKLEN_T 1
| #define HAS_INET_ATON 1
| #define HAS_IPV6 1
| #define HAS_REWINDDIR 1
| #define HAS_LOCKF 1
| #define HAS_MKFIFO 1
| #define HAS_GETCWD 1
| #define HAS_UTIME 1
| #define HAS_UTIMES 1
| #define HAS_FCHMOD 1
| #define HAS_TRUNCATE 1
| #define HAS_SELECT 1
| #define HAS_NANOSLEEP 1
| #define HAS_SYMLINK 1
| #define HAS_WAITPID 1
| #define HAS_WAIT4 1
| #define HAS_GETGROUPS 1
| #define HAS_SETGROUPS 1
| #define HAS_INITGROUPS 1
| #define HAS_TERMIOS 1
| #define HAS_SETITIMER 1
| #define HAS_GETHOSTNAME 1
| #define HAS_UNAME 1
| #define HAS_GETTIMEOFDAY 1
| #define HAS_MKTIME 1
| #define HAS_SETSID 1
| #define HAS_PUTENV 1
| #define HAS_SETENV_UNSETENV 1
| #define HAS_LOCALE_H 1
| #define HAS_STRTOD_L 1
| /* end confdefs.h.  */
| /* Define dlopen to an innocuous variant, in case <limits.h> declares dlopen.
|    For example, HP-UX 11i <limits.h> declares gettimeofday.  */
| #define dlopen innocuous_dlopen
| 
| /* System header to define __stub macros and hopefully few prototypes,
|     which can conflict with char dlopen (); below.
|     Prefer <limits.h> to <assert.h> if __STDC__ is defined, since
|     <limits.h> exists even on freestanding compilers.  */
| 
| #ifdef __STDC__
| # include <limits.h>
| #else
| # include <assert.h>
| #endif
| 
| #undef dlopen
| 
| /* Override any GCC internal prototype to avoid an error.
|    Use char because int might match the return type of a GCC
|    builtin and then its argument prototype would still apply.  */
| #ifdef __cplusplus
| extern "C"
| #endif
| char dlopen ();
| /* The GNU C library defines this for functions which it implements
|     to always fail with ENOSYS.  Some functions are actually named
|     something starting with __ and the normal name is an alias.  */
| #if defined __stub_dlopen || defined __stub___dlopen
| choke me
| #endif
| 
| int
| main ()
| {
| return dlopen ();
|   ;
|   return 0;
| }
configure:15008: result: no
configure:15012: checking for dlopen in -ldl
configure:15037: gcc -o conftest -g -O2   conftest.c -ldl  -lm  >&5
configure:15037: $? = 0
configure:15046: result: yes
configure:15062: Dynamic loading of shared libraries is supported.
configure:15073: checking sys/mman.h usability
configure:15073: gcc -c -g -O2  conftest.c >&5
configure:15073: $? = 0
configure:15073: result: yes
configure:15073: checking sys/mman.h presence
configure:15073: gcc -E  conftest.c
configure:15073: $? = 0
configure:15073: result: yes
configure:15073: checking for sys/mman.h
configure:15073: result: yes
configure:15075: checking for mmap
configure:15075: gcc -o conftest -g -O2   conftest.c -lm  >&5
configure:15075: $? = 0
configure:15075: result: yes
configure:15077: checking for munmap
configure:15077: gcc -o conftest -g -O2   conftest.c -lm  >&5
configure:15077: $? = 0
configure:15077: result: yes
configure:15091: checking for pwrite
configure:15091: gcc -o conftest -g -O2   conftest.c -lm  >&5
configure:15091: $? = 0
configure:15091: result: yes
configure:15108: checking whether the C compiler supports -fdebug-prefix-map
configure:15116: gcc -c -fdebug-prefix-map=old=new -g -O2  conftest.c >&5
configure:15116: $? = 0
configure:15118: result: yes
configure:15132: checking for struct stat.st_atim.tv_nsec
configure:15132: gcc -c -g -O2  conftest.c >&5
configure:15132: $? = 0
configure:15132: result: yes
configure:15174: stat supports nanosecond precision
configure:15191: checking how many arguments gethostbyname_r() takes
configure:15226: gcc -c -g -O2  conftest.c >&5
conftest.c: In function 'main':
conftest.c:91:19: error: too few arguments to function 'gethostbyname_r'
             (void)gethostbyname_r(name) /* ; */
                   ^~~~~~~~~~~~~~~
In file included from conftest.c:85:0:
/usr/include/netdb.h:177:12: note: declared here
 extern int gethostbyname_r (const char *__restrict __name,
            ^~~~~~~~~~~~~~~
configure:15226: $? = 1
configure: failed program was:
| /* confdefs.h */
| #define PACKAGE_NAME "OCaml"
| #define PACKAGE_TARNAME "ocaml"
| #define PACKAGE_VERSION "4.12.0+dev0-2020-04-22"
| #define PACKAGE_STRING "OCaml 4.12.0+dev0-2020-04-22"
| #define PACKAGE_BUGREPORT "caml-list@inria.fr"
| #define PACKAGE_URL "http://www.ocaml.org"
| #define STDC_HEADERS 1
| #define HAVE_SYS_TYPES_H 1
| #define HAVE_SYS_STAT_H 1
| #define HAVE_STDLIB_H 1
| #define HAVE_STRING_H 1
| #define HAVE_MEMORY_H 1
| #define HAVE_STRINGS_H 1
| #define HAVE_INTTYPES_H 1
| #define HAVE_STDINT_H 1
| #define HAVE_UNISTD_H 1
| #define HAVE_DLFCN_H 1
| #define LT_OBJDIR ".libs/"
| #define HAS_ARCH_CODE32 1
| #define HAVE_LIBM 1
| #define HAVE_UNISTD_H 1
| #define HAS_UNISTD 1
| #define HAS_STDINT_H 1
| #define HAS_SYS_SHM_H 1
| #define HAS_DIRENT 1
| #define HAS_SYS_SELECT_H 1
| #define SIZEOF_INT 4
| #define SIZEOF_LONG 8
| #define SIZEOF_LONG_P 8
| #define SIZEOF_SHORT 2
| #define SIZEOF_LONG_LONG 8
| #define ARCH_SIXTYFOUR 1
| #define SIZEOF_PTR 8
| #define SIZEOF_LONGLONG 8
| #define ALIGNOF_DOUBLE 8
| #define ALIGNOF_LONG 8
| #define ALIGNOF_LONG_LONG 8
| #define SUPPORTS_ALIGNED_ATTRIBUTE 1
| #define SUPPORTS_TREE_VECTORIZE 1
| #define OCAML_OS_TYPE "Unix"
| #define POSIX_SIGNALS 1
| #define HAS_WORKING_FMA 1
| #define HAS_C99_FLOAT_OPS 1
| #define HAS_GETRUSAGE 1
| #define HAS_TIMES 1
| #define HAS_SECURE_GETENV 1
| #define HAS_POSIX_MONOTONIC_CLOCK 1
| #define HAS_SOCKETS 1
| #define HAS_SOCKLEN_T 1
| #define HAS_INET_ATON 1
| #define HAS_IPV6 1
| #define HAS_REWINDDIR 1
| #define HAS_LOCKF 1
| #define HAS_MKFIFO 1
| #define HAS_GETCWD 1
| #define HAS_UTIME 1
| #define HAS_UTIMES 1
| #define HAS_FCHMOD 1
| #define HAS_TRUNCATE 1
| #define HAS_SELECT 1
| #define HAS_NANOSLEEP 1
| #define HAS_SYMLINK 1
| #define HAS_WAITPID 1
| #define HAS_WAIT4 1
| #define HAS_GETGROUPS 1
| #define HAS_SETGROUPS 1
| #define HAS_INITGROUPS 1
| #define HAS_TERMIOS 1
| #define HAS_SETITIMER 1
| #define HAS_GETHOSTNAME 1
| #define HAS_UNAME 1
| #define HAS_GETTIMEOFDAY 1
| #define HAS_MKTIME 1
| #define HAS_SETSID 1
| #define HAS_PUTENV 1
| #define HAS_SETENV_UNSETENV 1
| #define HAS_LOCALE_H 1
| #define HAS_STRTOD_L 1
| #define SUPPORT_DYNAMIC_LINKING 1
| #define HAS_MMAP 1
| #define HAS_PWRITE 1
| #define HAS_NANOSECOND_STAT 1
| /* end confdefs.h.  */
| #include <netdb.h>
| int
| main ()
| {
| 
|             char *name = "www.gnu.org";
|             (void)gethostbyname_r(name) /* ; */
| 
|   ;
|   return 0;
| }
configure:15256: gcc -c -g -O2  conftest.c >&5
configure:15256: $? = 0
configure:15356: result: six
configure:15411: checking how many arguments gethostbyaddr_r() takes
configure:15446: gcc -c -g -O2  conftest.c >&5
conftest.c: In function 'main':
conftest.c:94:19: error: too few arguments to function 'gethostbyaddr_r'
             (void)gethostbyaddr_r(addr) /* ; */
                   ^~~~~~~~~~~~~~~
In file included from conftest.c:88:0:
/usr/include/netdb.h:170:12: note: declared here
 extern int gethostbyaddr_r (const void *__restrict __addr, __socklen_t __len,
            ^~~~~~~~~~~~~~~
configure:15446: $? = 1
configure: failed program was:
| /* confdefs.h */
| #define PACKAGE_NAME "OCaml"
| #define PACKAGE_TARNAME "ocaml"
| #define PACKAGE_VERSION "4.12.0+dev0-2020-04-22"
| #define PACKAGE_STRING "OCaml 4.12.0+dev0-2020-04-22"
| #define PACKAGE_BUGREPORT "caml-list@inria.fr"
| #define PACKAGE_URL "http://www.ocaml.org"
| #define STDC_HEADERS 1
| #define HAVE_SYS_TYPES_H 1
| #define HAVE_SYS_STAT_H 1
| #define HAVE_STDLIB_H 1
| #define HAVE_STRING_H 1
| #define HAVE_MEMORY_H 1
| #define HAVE_STRINGS_H 1
| #define HAVE_INTTYPES_H 1
| #define HAVE_STDINT_H 1
| #define HAVE_UNISTD_H 1
| #define HAVE_DLFCN_H 1
| #define LT_OBJDIR ".libs/"
| #define HAS_ARCH_CODE32 1
| #define HAVE_LIBM 1
| #define HAVE_UNISTD_H 1
| #define HAS_UNISTD 1
| #define HAS_STDINT_H 1
| #define HAS_SYS_SHM_H 1
| #define HAS_DIRENT 1
| #define HAS_SYS_SELECT_H 1
| #define SIZEOF_INT 4
| #define SIZEOF_LONG 8
| #define SIZEOF_LONG_P 8
| #define SIZEOF_SHORT 2
| #define SIZEOF_LONG_LONG 8
| #define ARCH_SIXTYFOUR 1
| #define SIZEOF_PTR 8
| #define SIZEOF_LONGLONG 8
| #define ALIGNOF_DOUBLE 8
| #define ALIGNOF_LONG 8
| #define ALIGNOF_LONG_LONG 8
| #define SUPPORTS_ALIGNED_ATTRIBUTE 1
| #define SUPPORTS_TREE_VECTORIZE 1
| #define OCAML_OS_TYPE "Unix"
| #define POSIX_SIGNALS 1
| #define HAS_WORKING_FMA 1
| #define HAS_C99_FLOAT_OPS 1
| #define HAS_GETRUSAGE 1
| #define HAS_TIMES 1
| #define HAS_SECURE_GETENV 1
| #define HAS_POSIX_MONOTONIC_CLOCK 1
| #define HAS_SOCKETS 1
| #define HAS_SOCKLEN_T 1
| #define HAS_INET_ATON 1
| #define HAS_IPV6 1
| #define HAS_REWINDDIR 1
| #define HAS_LOCKF 1
| #define HAS_MKFIFO 1
| #define HAS_GETCWD 1
| #define HAS_UTIME 1
| #define HAS_UTIMES 1
| #define HAS_FCHMOD 1
| #define HAS_TRUNCATE 1
| #define HAS_SELECT 1
| #define HAS_NANOSLEEP 1
| #define HAS_SYMLINK 1
| #define HAS_WAITPID 1
| #define HAS_WAIT4 1
| #define HAS_GETGROUPS 1
| #define HAS_SETGROUPS 1
| #define HAS_INITGROUPS 1
| #define HAS_TERMIOS 1
| #define HAS_SETITIMER 1
| #define HAS_GETHOSTNAME 1
| #define HAS_UNAME 1
| #define HAS_GETTIMEOFDAY 1
| #define HAS_MKTIME 1
| #define HAS_SETSID 1
| #define HAS_PUTENV 1
| #define HAS_SETENV_UNSETENV 1
| #define HAS_LOCALE_H 1
| #define HAS_STRTOD_L 1
| #define SUPPORT_DYNAMIC_LINKING 1
| #define HAS_MMAP 1
| #define HAS_PWRITE 1
| #define HAS_NANOSECOND_STAT 1
| #define HAVE_GETHOSTBYNAME_R 1
| #define HAVE_FUNC_GETHOSTBYNAME_R_6 1
| #define HAS_GETHOSTBYNAME_R 6
| /* end confdefs.h.  */
| #include <netdb.h>
| int
| main ()
| {
| 
|             char *addr = "192.168.1.1";
|             (void)gethostbyaddr_r(addr) /* ; */
| 
|   ;
|   return 0;
| }
configure:15477: gcc -c -g -O2  conftest.c >&5
configure:15477: $? = 0
configure:15532: result: eight
configure:15584: checking for mkstemp
configure:15584: gcc -o conftest -g -O2   conftest.c -lm  >&5
configure:15584: $? = 0
configure:15584: result: yes
configure:15593: checking for nice
configure:15593: gcc -o conftest -g -O2   conftest.c -lm  >&5
configure:15593: $? = 0
configure:15593: result: yes
configure:15602: checking for dup3
configure:15602: gcc -o conftest -g -O2   conftest.c -lm  >&5
configure:15602: $? = 0
configure:15602: result: yes
configure:15611: checking for pipe2
configure:15611: gcc -o conftest -g -O2   conftest.c -lm  >&5
configure:15611: $? = 0
configure:15611: result: yes
configure:15620: checking for accept4
configure:15620: gcc -o conftest -g -O2   conftest.c -lm  >&5
configure:15620: $? = 0
configure:15620: result: yes
configure:15629: checking for getauxval
configure:15629: gcc -o conftest -g -O2   conftest.c -lm  >&5
configure:15629: $? = 0
configure:15629: result: yes
configure:15638: checking for execvpe
configure:15638: gcc -o conftest -g -O2   conftest.c -lm  >&5
configure:15638: $? = 0
configure:15638: result: yes
configure:15647: checking spawn.h usability
configure:15647: gcc -c -g -O2  conftest.c >&5
configure:15647: $? = 0
configure:15647: result: yes
configure:15647: checking spawn.h presence
configure:15647: gcc -E  conftest.c
configure:15647: $? = 0
configure:15647: result: yes
configure:15647: checking for spawn.h
configure:15647: result: yes
configure:15649: checking for posix_spawn
configure:15649: gcc -o conftest -g -O2   conftest.c -lm  >&5
configure:15649: $? = 0
configure:15649: result: yes
configure:15651: checking for posix_spawnp
configure:15651: gcc -o conftest -g -O2   conftest.c -lm  >&5
configure:15651: $? = 0
configure:15651: result: yes
configure:15665: checking for ffs
configure:15665: gcc -o conftest -g -O2   conftest.c -lm  >&5
conftest.c:122:6: warning: conflicting types for built-in function 'ffs' [-Wbuiltin-declaration-mismatch]
 char ffs ();
      ^~~
configure:15665: $? = 0
configure:15665: result: yes
configure:15671: checking for _BitScanForward
configure:15671: gcc -o conftest -g -O2   conftest.c -lm  >&5
/tmp/cc4USpHS.o: In function `main':
/home/anukriti/Desktop/ocaml_Anu/ocaml/conftest.c:134: undefined reference to `_BitScanForward'
collect2: error: ld returned 1 exit status
configure:15671: $? = 1
configure: failed program was:
| /* confdefs.h */
| #define PACKAGE_NAME "OCaml"
| #define PACKAGE_TARNAME "ocaml"
| #define PACKAGE_VERSION "4.12.0+dev0-2020-04-22"
| #define PACKAGE_STRING "OCaml 4.12.0+dev0-2020-04-22"
| #define PACKAGE_BUGREPORT "caml-list@inria.fr"
| #define PACKAGE_URL "http://www.ocaml.org"
| #define STDC_HEADERS 1
| #define HAVE_SYS_TYPES_H 1
| #define HAVE_SYS_STAT_H 1
| #define HAVE_STDLIB_H 1
| #define HAVE_STRING_H 1
| #define HAVE_MEMORY_H 1
| #define HAVE_STRINGS_H 1
| #define HAVE_INTTYPES_H 1
| #define HAVE_STDINT_H 1
| #define HAVE_UNISTD_H 1
| #define HAVE_DLFCN_H 1
| #define LT_OBJDIR ".libs/"
| #define HAS_ARCH_CODE32 1
| #define HAVE_LIBM 1
| #define HAVE_UNISTD_H 1
| #define HAS_UNISTD 1
| #define HAS_STDINT_H 1
| #define HAS_SYS_SHM_H 1
| #define HAS_DIRENT 1
| #define HAS_SYS_SELECT_H 1
| #define SIZEOF_INT 4
| #define SIZEOF_LONG 8
| #define SIZEOF_LONG_P 8
| #define SIZEOF_SHORT 2
| #define SIZEOF_LONG_LONG 8
| #define ARCH_SIXTYFOUR 1
| #define SIZEOF_PTR 8
| #define SIZEOF_LONGLONG 8
| #define ALIGNOF_DOUBLE 8
| #define ALIGNOF_LONG 8
| #define ALIGNOF_LONG_LONG 8
| #define SUPPORTS_ALIGNED_ATTRIBUTE 1
| #define SUPPORTS_TREE_VECTORIZE 1
| #define OCAML_OS_TYPE "Unix"
| #define POSIX_SIGNALS 1
| #define HAS_WORKING_FMA 1
| #define HAS_C99_FLOAT_OPS 1
| #define HAS_GETRUSAGE 1
| #define HAS_TIMES 1
| #define HAS_SECURE_GETENV 1
| #define HAS_POSIX_MONOTONIC_CLOCK 1
| #define HAS_SOCKETS 1
| #define HAS_SOCKLEN_T 1
| #define HAS_INET_ATON 1
| #define HAS_IPV6 1
| #define HAS_REWINDDIR 1
| #define HAS_LOCKF 1
| #define HAS_MKFIFO 1
| #define HAS_GETCWD 1
| #define HAS_UTIME 1
| #define HAS_UTIMES 1
| #define HAS_FCHMOD 1
| #define HAS_TRUNCATE 1
| #define HAS_SELECT 1
| #define HAS_NANOSLEEP 1
| #define HAS_SYMLINK 1
| #define HAS_WAITPID 1
| #define HAS_WAIT4 1
| #define HAS_GETGROUPS 1
| #define HAS_SETGROUPS 1
| #define HAS_INITGROUPS 1
| #define HAS_TERMIOS 1
| #define HAS_SETITIMER 1
| #define HAS_GETHOSTNAME 1
| #define HAS_UNAME 1
| #define HAS_GETTIMEOFDAY 1
| #define HAS_MKTIME 1
| #define HAS_SETSID 1
| #define HAS_PUTENV 1
| #define HAS_SETENV_UNSETENV 1
| #define HAS_LOCALE_H 1
| #define HAS_STRTOD_L 1
| #define SUPPORT_DYNAMIC_LINKING 1
| #define HAS_MMAP 1
| #define HAS_PWRITE 1
| #define HAS_NANOSECOND_STAT 1
| #define HAVE_GETHOSTBYNAME_R 1
| #define HAVE_FUNC_GETHOSTBYNAME_R_6 1
| #define HAS_GETHOSTBYNAME_R 6
| #define HAVE_GETHOSTBYADDR_R 1
| #define HAVE_FUNC_GETHOSTBYADDR_R_8 1
| #define HAS_GETHOSTBYADDR_R 8
| #define HAS_MKSTEMP 1
| #define HAS_NICE 1
| #define HAS_DUP3 1
| #define HAS_PIPE2 1
| #define HAS_ACCEPT4 1
| #define HAS_GETAUXVAL 1
| #define HAS_EXECVPE 1
| #define HAS_POSIX_SPAWN 1
| #define HAS_FFS 1
| /* end confdefs.h.  */
| /* Define _BitScanForward to an innocuous variant, in case <limits.h> declares _BitScanForward.
|    For example, HP-UX 11i <limits.h> declares gettimeofday.  */
| #define _BitScanForward innocuous__BitScanForward
| 
| /* System header to define __stub macros and hopefully few prototypes,
|     which can conflict with char _BitScanForward (); below.
|     Prefer <limits.h> to <assert.h> if __STDC__ is defined, since
|     <limits.h> exists even on freestanding compilers.  */
| 
| #ifdef __STDC__
| # include <limits.h>
| #else
| # include <assert.h>
| #endif
| 
| #undef _BitScanForward
| 
| /* Override any GCC internal prototype to avoid an error.
|    Use char because int might match the return type of a GCC
|    builtin and then its argument prototype would still apply.  */
| #ifdef __cplusplus
| extern "C"
| #endif
| char _BitScanForward ();
| /* The GNU C library defines this for functions which it implements
|     to always fail with ENOSYS.  Some functions are actually named
|     something starting with __ and the normal name is an alias.  */
| #if defined __stub__BitScanForward || defined __stub____BitScanForward
| choke me
| #endif
| 
| int
| main ()
| {
| return _BitScanForward ();
|   ;
|   return 0;
| }
configure:15671: result: no
configure:15688: replay debugger supported
configure:15708: checking whether stack overflows can be detected
configure:15716: result: yes
configure:15920: checking whether gcc is Clang
configure:15945: result: no
configure:16068: checking whether pthreads work with -pthread
configure:16162: gcc -o conftest -g -O2 -pthread   conftest.c  -lm  >&5
configure:16162: $? = 0
configure:16171: result: yes
configure:16190: checking for joinable pthread attribute
configure:16208: gcc -o conftest -g -O2 -pthread   conftest.c  -lm  >&5
configure:16208: $? = 0
configure:16216: result: PTHREAD_CREATE_JOINABLE
configure:16230: checking whether more special flags are required for pthreads
configure:16243: result: no
configure:16251: checking for PTHREAD_PRIO_INHERIT
configure:16267: gcc -o conftest -g -O2 -pthread   conftest.c  -lm  >&5
configure:16267: $? = 0
configure:16276: result: yes
configure:16374: the POSIX threads library is supported
configure:16380: checking for sigwait
configure:16380: gcc -o conftest -g -O2 -pthread   conftest.c -lm  -lpthread >&5
configure:16380: $? = 0
configure:16380: result: yes
configure:16445: checking bfd.h usability
configure:16445: gcc -c -g -O2   conftest.c >&5
conftest.c:136:10: fatal error: bfd.h: No such file or directory
 #include <bfd.h>
          ^~~~~~~
compilation terminated.
configure:16445: $? = 1
configure: failed program was:
| /* confdefs.h */
| #define PACKAGE_NAME "OCaml"
| #define PACKAGE_TARNAME "ocaml"
| #define PACKAGE_VERSION "4.12.0+dev0-2020-04-22"
| #define PACKAGE_STRING "OCaml 4.12.0+dev0-2020-04-22"
| #define PACKAGE_BUGREPORT "caml-list@inria.fr"
| #define PACKAGE_URL "http://www.ocaml.org"
| #define STDC_HEADERS 1
| #define HAVE_SYS_TYPES_H 1
| #define HAVE_SYS_STAT_H 1
| #define HAVE_STDLIB_H 1
| #define HAVE_STRING_H 1
| #define HAVE_MEMORY_H 1
| #define HAVE_STRINGS_H 1
| #define HAVE_INTTYPES_H 1
| #define HAVE_STDINT_H 1
| #define HAVE_UNISTD_H 1
| #define HAVE_DLFCN_H 1
| #define LT_OBJDIR ".libs/"
| #define HAS_ARCH_CODE32 1
| #define HAVE_LIBM 1
| #define HAVE_UNISTD_H 1
| #define HAS_UNISTD 1
| #define HAS_STDINT_H 1
| #define HAS_SYS_SHM_H 1
| #define HAS_DIRENT 1
| #define HAS_SYS_SELECT_H 1
| #define SIZEOF_INT 4
| #define SIZEOF_LONG 8
| #define SIZEOF_LONG_P 8
| #define SIZEOF_SHORT 2
| #define SIZEOF_LONG_LONG 8
| #define ARCH_SIXTYFOUR 1
| #define SIZEOF_PTR 8
| #define SIZEOF_LONGLONG 8
| #define ALIGNOF_DOUBLE 8
| #define ALIGNOF_LONG 8
| #define ALIGNOF_LONG_LONG 8
| #define SUPPORTS_ALIGNED_ATTRIBUTE 1
| #define SUPPORTS_TREE_VECTORIZE 1
| #define OCAML_OS_TYPE "Unix"
| #define POSIX_SIGNALS 1
| #define HAS_WORKING_FMA 1
| #define HAS_C99_FLOAT_OPS 1
| #define HAS_GETRUSAGE 1
| #define HAS_TIMES 1
| #define HAS_SECURE_GETENV 1
| #define HAS_POSIX_MONOTONIC_CLOCK 1
| #define HAS_SOCKETS 1
| #define HAS_SOCKLEN_T 1
| #define HAS_INET_ATON 1
| #define HAS_IPV6 1
| #define HAS_REWINDDIR 1
| #define HAS_LOCKF 1
| #define HAS_MKFIFO 1
| #define HAS_GETCWD 1
| #define HAS_UTIME 1
| #define HAS_UTIMES 1
| #define HAS_FCHMOD 1
| #define HAS_TRUNCATE 1
| #define HAS_SELECT 1
| #define HAS_NANOSLEEP 1
| #define HAS_SYMLINK 1
| #define HAS_WAITPID 1
| #define HAS_WAIT4 1
| #define HAS_GETGROUPS 1
| #define HAS_SETGROUPS 1
| #define HAS_INITGROUPS 1
| #define HAS_TERMIOS 1
| #define HAS_SETITIMER 1
| #define HAS_GETHOSTNAME 1
| #define HAS_UNAME 1
| #define HAS_GETTIMEOFDAY 1
| #define HAS_MKTIME 1
| #define HAS_SETSID 1
| #define HAS_PUTENV 1
| #define HAS_SETENV_UNSETENV 1
| #define HAS_LOCALE_H 1
| #define HAS_STRTOD_L 1
| #define SUPPORT_DYNAMIC_LINKING 1
| #define HAS_MMAP 1
| #define HAS_PWRITE 1
| #define HAS_NANOSECOND_STAT 1
| #define HAVE_GETHOSTBYNAME_R 1
| #define HAVE_FUNC_GETHOSTBYNAME_R_6 1
| #define HAS_GETHOSTBYNAME_R 6
| #define HAVE_GETHOSTBYADDR_R 1
| #define HAVE_FUNC_GETHOSTBYADDR_R_8 1
| #define HAS_GETHOSTBYADDR_R 8
| #define HAS_MKSTEMP 1
| #define HAS_NICE 1
| #define HAS_DUP3 1
| #define HAS_PIPE2 1
| #define HAS_ACCEPT4 1
| #define HAS_GETAUXVAL 1
| #define HAS_EXECVPE 1
| #define HAS_POSIX_SPAWN 1
| #define HAS_FFS 1
| #define HAS_STACK_OVERFLOW_DETECTION 1
| #define HAVE_PTHREAD_PRIO_INHERIT 1
| #define HAS_SIGWAIT 1
| /* end confdefs.h.  */
| #include <stdio.h>
| #ifdef HAVE_SYS_TYPES_H
| # include <sys/types.h>
| #endif
| #ifdef HAVE_SYS_STAT_H
| # include <sys/stat.h>
| #endif
| #ifdef STDC_HEADERS
| # include <stdlib.h>
| # include <stddef.h>
| #else
| # ifdef HAVE_STDLIB_H
| #  include <stdlib.h>
| # endif
| #endif
| #ifdef HAVE_STRING_H
| # if !defined STDC_HEADERS && defined HAVE_MEMORY_H
| #  include <memory.h>
| # endif
| # include <string.h>
| #endif
| #ifdef HAVE_STRINGS_H
| # include <strings.h>
| #endif
| #ifdef HAVE_INTTYPES_H
| # include <inttypes.h>
| #endif
| #ifdef HAVE_STDINT_H
| # include <stdint.h>
| #endif
| #ifdef HAVE_UNISTD_H
| # include <unistd.h>
| #endif
| #include <bfd.h>
configure:16445: result: no
configure:16445: checking bfd.h presence
configure:16445: gcc -E   conftest.c
conftest.c:103:10: fatal error: bfd.h: No such file or directory
 #include <bfd.h>
          ^~~~~~~
compilation terminated.
configure:16445: $? = 1
configure: failed program was:
| /* confdefs.h */
| #define PACKAGE_NAME "OCaml"
| #define PACKAGE_TARNAME "ocaml"
| #define PACKAGE_VERSION "4.12.0+dev0-2020-04-22"
| #define PACKAGE_STRING "OCaml 4.12.0+dev0-2020-04-22"
| #define PACKAGE_BUGREPORT "caml-list@inria.fr"
| #define PACKAGE_URL "http://www.ocaml.org"
| #define STDC_HEADERS 1
| #define HAVE_SYS_TYPES_H 1
| #define HAVE_SYS_STAT_H 1
| #define HAVE_STDLIB_H 1
| #define HAVE_STRING_H 1
| #define HAVE_MEMORY_H 1
| #define HAVE_STRINGS_H 1
| #define HAVE_INTTYPES_H 1
| #define HAVE_STDINT_H 1
| #define HAVE_UNISTD_H 1
| #define HAVE_DLFCN_H 1
| #define LT_OBJDIR ".libs/"
| #define HAS_ARCH_CODE32 1
| #define HAVE_LIBM 1
| #define HAVE_UNISTD_H 1
| #define HAS_UNISTD 1
| #define HAS_STDINT_H 1
| #define HAS_SYS_SHM_H 1
| #define HAS_DIRENT 1
| #define HAS_SYS_SELECT_H 1
| #define SIZEOF_INT 4
| #define SIZEOF_LONG 8
| #define SIZEOF_LONG_P 8
| #define SIZEOF_SHORT 2
| #define SIZEOF_LONG_LONG 8
| #define ARCH_SIXTYFOUR 1
| #define SIZEOF_PTR 8
| #define SIZEOF_LONGLONG 8
| #define ALIGNOF_DOUBLE 8
| #define ALIGNOF_LONG 8
| #define ALIGNOF_LONG_LONG 8
| #define SUPPORTS_ALIGNED_ATTRIBUTE 1
| #define SUPPORTS_TREE_VECTORIZE 1
| #define OCAML_OS_TYPE "Unix"
| #define POSIX_SIGNALS 1
| #define HAS_WORKING_FMA 1
| #define HAS_C99_FLOAT_OPS 1
| #define HAS_GETRUSAGE 1
| #define HAS_TIMES 1
| #define HAS_SECURE_GETENV 1
| #define HAS_POSIX_MONOTONIC_CLOCK 1
| #define HAS_SOCKETS 1
| #define HAS_SOCKLEN_T 1
| #define HAS_INET_ATON 1
| #define HAS_IPV6 1
| #define HAS_REWINDDIR 1
| #define HAS_LOCKF 1
| #define HAS_MKFIFO 1
| #define HAS_GETCWD 1
| #define HAS_UTIME 1
| #define HAS_UTIMES 1
| #define HAS_FCHMOD 1
| #define HAS_TRUNCATE 1
| #define HAS_SELECT 1
| #define HAS_NANOSLEEP 1
| #define HAS_SYMLINK 1
| #define HAS_WAITPID 1
| #define HAS_WAIT4 1
| #define HAS_GETGROUPS 1
| #define HAS_SETGROUPS 1
| #define HAS_INITGROUPS 1
| #define HAS_TERMIOS 1
| #define HAS_SETITIMER 1
| #define HAS_GETHOSTNAME 1
| #define HAS_UNAME 1
| #define HAS_GETTIMEOFDAY 1
| #define HAS_MKTIME 1
| #define HAS_SETSID 1
| #define HAS_PUTENV 1
| #define HAS_SETENV_UNSETENV 1
| #define HAS_LOCALE_H 1
| #define HAS_STRTOD_L 1
| #define SUPPORT_DYNAMIC_LINKING 1
| #define HAS_MMAP 1
| #define HAS_PWRITE 1
| #define HAS_NANOSECOND_STAT 1
| #define HAVE_GETHOSTBYNAME_R 1
| #define HAVE_FUNC_GETHOSTBYNAME_R_6 1
| #define HAS_GETHOSTBYNAME_R 6
| #define HAVE_GETHOSTBYADDR_R 1
| #define HAVE_FUNC_GETHOSTBYADDR_R_8 1
| #define HAS_GETHOSTBYADDR_R 8
| #define HAS_MKSTEMP 1
| #define HAS_NICE 1
| #define HAS_DUP3 1
| #define HAS_PIPE2 1
| #define HAS_ACCEPT4 1
| #define HAS_GETAUXVAL 1
| #define HAS_EXECVPE 1
| #define HAS_POSIX_SPAWN 1
| #define HAS_FFS 1
| #define HAS_STACK_OVERFLOW_DETECTION 1
| #define HAVE_PTHREAD_PRIO_INHERIT 1
| #define HAS_SIGWAIT 1
| /* end confdefs.h.  */
| #include <bfd.h>
configure:16445: result: no
configure:16445: checking for bfd.h
configure:16445: result: no
configure:16674: BFD library not found, 'ocamlobjinfo' will be unable to display info on .cmxs files.
configure:16694: checking whether the assembler supports --debug-prefix-map
configure:16724: as --debug-prefix-map old=new -o conftest.o  conftest.S >&5
configure:16724: $? = 0
configure:16726: result: yes
configure:16746: checking whether the assembler supports CFI directives
configure:16783: gcc -c -o conftest.o  conftest.S >&5
configure:16783: $? = 0
configure:16806: as -o conftest.o  conftest.S >&5
configure:16806: $? = 0
configure:16828: result: yes
configure:16863: not using frame pointers
configure:16880: checking whether mmap supports huge pages
configure:16927: gcc -o conftest -g -O2    conftest.c -lm  >&5
configure:16927: $? = 0
configure:16927: ./conftest
configure:16927: $? = 0
configure:16934: result: yes
configure:16952: checking whether to build spacetime
configure:16960: result: no
configure:17435: creating ./config.status

## ---------------------- ##
## Running config.status. ##
## ---------------------- ##

This file was extended by OCaml config.status 4.12.0+dev0-2020-04-22, which was
generated by GNU Autoconf 2.69.  Invocation command line was

  CONFIG_FILES    = 
  CONFIG_HEADERS  = 
  CONFIG_LINKS    = 
  CONFIG_COMMANDS = 
  $ ./config.status 

on anukriti

config.status:1251: creating Makefile.build_config
config.status:1251: creating Makefile.config
config.status:1251: creating tools/eventlog_metadata
config.status:1251: creating runtime/caml/m.h
config.status:1426: runtime/caml/m.h is unchanged
config.status:1251: creating runtime/caml/s.h
config.status:1426: runtime/caml/s.h is unchanged
config.status:1440: executing libtool commands

## ---------------- ##
## Cache variables. ##
## ---------------- ##

ac_cv_alignof_double=8
ac_cv_alignof_long=8
ac_cv_alignof_long_long=8
ac_cv_build=x86_64-pc-linux-gnu
ac_cv_c_bigendian=no
ac_cv_c_compiler_gnu=yes
ac_cv_env_ASPP_set=
ac_cv_env_ASPP_value=
ac_cv_env_AS_set=
ac_cv_env_AS_value=
ac_cv_env_BFD_INCLUDE_DIR_set=
ac_cv_env_BFD_INCLUDE_DIR_value=
ac_cv_env_BFD_LIB_DIR_set=
ac_cv_env_BFD_LIB_DIR_value=
ac_cv_env_CC_set=
ac_cv_env_CC_value=
ac_cv_env_CFLAGS_set=
ac_cv_env_CFLAGS_value=
ac_cv_env_CPPFLAGS_set=
ac_cv_env_CPPFLAGS_value=
ac_cv_env_CPP_set=
ac_cv_env_CPP_value=
ac_cv_env_DEFAULT_STRING_set=
ac_cv_env_DEFAULT_STRING_value=
ac_cv_env_DLLIBS_set=
ac_cv_env_DLLIBS_value=
ac_cv_env_LDFLAGS_set=
ac_cv_env_LDFLAGS_value=
ac_cv_env_LIBS_set=
ac_cv_env_LIBS_value=
ac_cv_env_LIBUNWIND_INCLUDE_DIR_set=
ac_cv_env_LIBUNWIND_INCLUDE_DIR_value=
ac_cv_env_LIBUNWIND_LIB_DIR_set=
ac_cv_env_LIBUNWIND_LIB_DIR_value=
ac_cv_env_LT_SYS_LIBRARY_PATH_set=
ac_cv_env_LT_SYS_LIBRARY_PATH_value=
ac_cv_env_PARTIALLD_set=
ac_cv_env_PARTIALLD_value=
ac_cv_env_WINDOWS_UNICODE_MODE_set=
ac_cv_env_WINDOWS_UNICODE_MODE_value=
ac_cv_env_build_alias_set=
ac_cv_env_build_alias_value=
ac_cv_env_host_alias_set=
ac_cv_env_host_alias_value=
ac_cv_env_target_alias_set=
ac_cv_env_target_alias_value=
ac_cv_func__BitScanForward=no
ac_cv_func_accept4=yes
ac_cv_func_accept=yes
ac_cv_func_bind=yes
ac_cv_func_connect=yes
ac_cv_func_copysign=yes
ac_cv_func_dlopen=no
ac_cv_func_dup3=yes
ac_cv_func_execvpe=yes
ac_cv_func_expm1=yes
ac_cv_func_fchmod=yes
ac_cv_func_fchown=yes
ac_cv_func_ffs=yes
ac_cv_func_fma=yes
ac_cv_func_freelocale=yes
ac_cv_func_ftruncate=yes
ac_cv_func_getaddrinfo=yes
ac_cv_func_getauxval=yes
ac_cv_func_getcwd=yes
ac_cv_func_getgroups=yes
ac_cv_func_gethostname=yes
ac_cv_func_getnameinfo=yes
ac_cv_func_getrusage=yes
ac_cv_func_gettimeofday=yes
ac_cv_func_hypot=yes
ac_cv_func_inet_aton=yes
ac_cv_func_inet_ntop=yes
ac_cv_func_inet_pton=yes
ac_cv_func_initgroups=yes
ac_cv_func_issetugid=no
ac_cv_func_listen=yes
ac_cv_func_lockf=yes
ac_cv_func_log1p=yes
ac_cv_func_lstat=yes
ac_cv_func_mkfifo=yes
ac_cv_func_mkstemp=yes
ac_cv_func_mktime=yes
ac_cv_func_mmap=yes
ac_cv_func_munmap=yes
ac_cv_func_nanosleep=yes
ac_cv_func_newlocale=yes
ac_cv_func_nice=yes
ac_cv_func_pipe2=yes
ac_cv_func_posix_spawn=yes
ac_cv_func_posix_spawnp=yes
ac_cv_func_putenv=yes
ac_cv_func_pwrite=yes
ac_cv_func_readlink=yes
ac_cv_func_rewinddir=yes
ac_cv_func_secure_getenv=yes
ac_cv_func_select=yes
ac_cv_func_setenv=yes
ac_cv_func_setgroups=yes
ac_cv_func_setitimer=yes
ac_cv_func_setsid=yes
ac_cv_func_sigaction=yes
ac_cv_func_sigprocmask=yes
ac_cv_func_sigwait=yes
ac_cv_func_socket=yes
ac_cv_func_socketpair=yes
ac_cv_func_strtod_l=yes
ac_cv_func_symlink=yes
ac_cv_func_tcflow=yes
ac_cv_func_tcflush=yes
ac_cv_func_tcgetattr=yes
ac_cv_func_tcsendbreak=yes
ac_cv_func_tcsetattr=yes
ac_cv_func_times=yes
ac_cv_func_truncate=yes
ac_cv_func_uname=yes
ac_cv_func_unsetenv=yes
ac_cv_func_uselocale=yes
ac_cv_func_utime=yes
ac_cv_func_utimes=yes
ac_cv_func_wait4=yes
ac_cv_func_waitpid=yes
ac_cv_func_which_gethostbyaddr_r=eight
ac_cv_func_which_gethostbyname_r=six
ac_cv_header_bfd_h=no
ac_cv_header_dirent_h=yes
ac_cv_header_dlfcn_h=yes
ac_cv_header_inttypes_h=yes
ac_cv_header_locale_h=yes
ac_cv_header_math_h=yes
ac_cv_header_memory_h=yes
ac_cv_header_spawn_h=yes
ac_cv_header_stdc=yes
ac_cv_header_stdint_h=yes
ac_cv_header_stdlib_h=yes
ac_cv_header_string_h=yes
ac_cv_header_strings_h=yes
ac_cv_header_sys_mman_h=yes
ac_cv_header_sys_select_h=yes
ac_cv_header_sys_shm_h=yes
ac_cv_header_sys_stat_h=yes
ac_cv_header_sys_types_h=yes
ac_cv_header_sys_utsname_h=yes
ac_cv_header_termios_h=yes
ac_cv_header_unistd_h=yes
ac_cv_header_utime_h=yes
ac_cv_header_xlocale_h=no
ac_cv_host=x86_64-pc-linux-gnu
ac_cv_lib_dl_dlopen=yes
ac_cv_lib_m_cos=yes
ac_cv_member_struct_stat_st_atim_tv_nsec=yes
ac_cv_objext=o
ac_cv_path_EGREP='/bin/grep -E'
ac_cv_path_FGREP='/bin/grep -F'
ac_cv_path_GREP=/bin/grep
ac_cv_path_SED=/bin/sed
ac_cv_path_install='/usr/bin/install -c'
ac_cv_path_lt_DD=/bin/dd
ac_cv_prog_AWK=gawk
ac_cv_prog_CPP='gcc -E'
ac_cv_prog_ac_ct_AR=ar
ac_cv_prog_ac_ct_CC=gcc
ac_cv_prog_ac_ct_DIRECT_LD=ld
ac_cv_prog_ac_ct_LD=ld
ac_cv_prog_ac_ct_MANIFEST_TOOL=mt
ac_cv_prog_ac_ct_OBJDUMP=objdump
ac_cv_prog_ac_ct_RANLIB=ranlib
ac_cv_prog_ac_ct_STRIP=strip
ac_cv_prog_cc_c89=
ac_cv_prog_cc_g=yes
ac_cv_search_clock_gettime='none required'
ac_cv_sizeof_int=4
ac_cv_sizeof_long=8
ac_cv_sizeof_long_long=8
ac_cv_sizeof_long_p=8
ac_cv_sizeof_short=2
ac_cv_sys_interpreter=yes
ac_cv_target=x86_64-pc-linux-gnu
ac_cv_type_fd_set=yes
ac_cv_type_off_t=yes
ac_cv_type_socklen_t=yes
ac_cv_type_struct_sockaddr_in6=yes
ax_cv_PTHREAD_CLANG=no
ax_cv_PTHREAD_JOINABLE_ATTR=PTHREAD_CREATE_JOINABLE
ax_cv_PTHREAD_PRIO_INHERIT=yes
ax_cv_PTHREAD_SPECIAL_FLAGS=no
lt_cv_ar_at_file=@
lt_cv_archive_cmds_need_lc=no
lt_cv_deplibs_check_method=pass_all
lt_cv_file_magic_cmd='$MAGIC_CMD'
lt_cv_file_magic_test_file=
lt_cv_ld_reload_flag=-r
lt_cv_nm_interface='BSD nm'
lt_cv_objdir=.libs
lt_cv_path_LD=ld
lt_cv_path_NM='/usr/bin/nm -B'
lt_cv_path_mainfest_tool=no
lt_cv_prog_compiler_c_o=yes
lt_cv_prog_compiler_pic='-fPIC -DPIC'
lt_cv_prog_compiler_pic_works=yes
lt_cv_prog_compiler_rtti_exceptions=no
lt_cv_prog_compiler_static_works=yes
lt_cv_prog_gnu_ld=yes
lt_cv_sharedlib_from_linklib_cmd='printf %s\n'
lt_cv_shlibpath_overrides_runpath=yes
lt_cv_sys_global_symbol_pipe='sed -n -e '\''s/^.*[	 ]\([ABCDGIRSTW][ABCDGIRSTW]*\)[	 ][	 ]*\([_A-Za-z][_A-Za-z0-9]*\)$/\1 \2 \2/p'\'' | sed '\''/ __gnu_lto/d'\'''
lt_cv_sys_global_symbol_to_c_name_address='sed -n -e '\''s/^: \(.*\) .*$/  {"\1", (void *) 0},/p'\'' -e '\''s/^[ABCDGIRSTW][ABCDGIRSTW]* .* \(.*\)$/  {"\1", (void *) \&\1},/p'\'''
lt_cv_sys_global_symbol_to_c_name_address_lib_prefix='sed -n -e '\''s/^: \(.*\) .*$/  {"\1", (void *) 0},/p'\'' -e '\''s/^[ABCDGIRSTW][ABCDGIRSTW]* .* \(lib.*\)$/  {"\1", (void *) \&\1},/p'\'' -e '\''s/^[ABCDGIRSTW][ABCDGIRSTW]* .* \(.*\)$/  {"lib\1", (void *) \&\1},/p'\'''
lt_cv_sys_global_symbol_to_cdecl='sed -n -e '\''s/^T .* \(.*\)$/extern int \1();/p'\'' -e '\''s/^[ABCDGIRSTW][ABCDGIRSTW]* .* \(.*\)$/extern char \1;/p'\'''
lt_cv_sys_global_symbol_to_import=
lt_cv_sys_max_cmd_len=1572864
lt_cv_to_host_file_cmd=func_convert_file_noop
lt_cv_to_tool_file_cmd=func_convert_file_noop
lt_cv_truncate_bin='/bin/dd bs=4096 count=1'
ocaml_cv_cc_vendor=gcc-7-5

## ----------------- ##
## Output variables. ##
## ----------------- ##

AR='ar'
AS='as'
ASPP='gcc -c'
AWK='gawk'
BFD_INCLUDE_DIR=''
BFD_LIB_DIR=''
CC='gcc'
CFLAGS='-g -O2'
CONFIGURE_ARGS=''
CPP='gcc -E'
CPPFLAGS=' '
DEFAULT_STRING=''
DEFS='-DHAVE_CONFIG_H'
DEP_CC='gcc'
DIRECT_CPP=''
DIRECT_LD='ld'
DLLIBS='-ldl '
DLLTOOL='false'
DSYMUTIL=''
DUMPBIN=''
ECHO_C=''
ECHO_N='-n'
ECHO_T=''
EGREP='/bin/grep -E'
EXEEXT=''
FGREP='/bin/grep -F'
GREP='/bin/grep'
INSTALL_DATA='${INSTALL} -m 644'
INSTALL_PROGRAM='${INSTALL}'
INSTALL_SCRIPT='${INSTALL}'
LD='ld -m elf_x86_64'
LDFLAGS=''
LIBOBJS=''
LIBS='-lm '
LIBTOOL='$(SHELL) $(top_builddir)/libtool'
LIBUNWIND_INCLUDE_DIR=''
LIBUNWIND_LIB_DIR=''
LIPO=''
LN_S='ln -s'
LTLIBOBJS=''
LT_SYS_LIBRARY_PATH=''
MANIFEST_TOOL=':'
NM='/usr/bin/nm -B'
NMEDIT=''
OBJDUMP='objdump'
OBJEXT='o'
OTOOL64=''
OTOOL=''
PACKAGE_BUGREPORT='caml-list@inria.fr'
PACKAGE_NAME='OCaml'
PACKAGE_STRING='OCaml 4.12.0+dev0-2020-04-22'
PACKAGE_TARNAME='ocaml'
PACKAGE_URL='http://www.ocaml.org'
PACKAGE_VERSION='4.12.0+dev0-2020-04-22'
PACKLD='ld -r -o $(EMPTY)'
PARTIALLD=''
PATH_SEPARATOR=':'
PTHREAD_CC='gcc'
PTHREAD_CFLAGS='-pthread'
PTHREAD_LIBS=''
RANLIB='ranlib'
RANLIBCMD='ranlib'
S='s'
SED='/bin/sed'
SHELL='/bin/bash'
SO='so'
STRIP='strip'
VERSION='4.12.0+dev0-2020-04-22'
WINDOWS_UNICODE_MODE=''
ac_ct_AR='ar'
ac_ct_CC='gcc'
ac_ct_DEP_CC=''
ac_ct_DUMPBIN=''
ac_ct_LD='ld'
ac_tool_prefix=''
afl='false'
arch64='true'
arch='amd64'
as_has_debug_prefix_map='true'
asm_cfi_supported='true'
ax_pthread_config=''
bfd_cppflags=''
bfd_ldflags=''
bfd_ldlibs=''
bindir='${exec_prefix}/bin'
build='x86_64-pc-linux-gnu'
build_alias=''
build_cpu='x86_64'
build_os='linux-gnu'
build_vendor='pc'
bytecclibs=' -lm -ldl  -lpthread '
call_counts='true'
cc_has_debug_prefix_map='true'
ccomptype='cc'
cmxs='cmxs'
compute_deps='true'
datadir='${datarootdir}'
datarootdir='${prefix}/share'
debug_runtime='true'
default_safe_string='true'
docdir='${datarootdir}/doc/${PACKAGE_TARNAME}'
dvidir='${docdir}'
endianness='le'
exec_prefix='${prefix}'
exeext=''
extralibs=''
flambda='false'
flambda_invariants='false'
flat_float_array='true'
flexdll_chain=''
flexlink_flags=''
force_safe_string='true'
fpic='false'
frame_pointers='false'
function_sections='true'
has_monotonic_clock='true'
host='x86_64-pc-linux-gnu'
host_alias=''
host_cpu='x86_64'
host_os='linux-gnu'
host_vendor='pc'
htmldir='${docdir}'
iflexdir=''
includedir='${prefix}/include'
infodir='${datarootdir}/info'
install_bytecode_programs='true'
install_source_artifacts='true'
instrumented_runtime='true'
libdir='${exec_prefix}/lib/ocaml'
libexecdir='${exec_prefix}/libexec'
libext='a'
libraries_man_section='3'
libunwind_available='false'
libunwind_include_flags=''
libunwind_link_flags=''
localedir='${datarootdir}/locale'
localstatedir='${prefix}/var'
long_shebang='false'
mandir='${prefix}/man'
max_testsuite_dir_retries='0'
mkexe='$(CC) $(OC_CFLAGS) $(OC_CPPFLAGS) $(OC_LDFLAGS)'
mkexedebugflag='-g'
mklib='rm -f $(1) && ar rc $(1) $(2) && ranlib $(1)'
mkmaindll='gcc -shared'
mksharedlib='gcc -shared'
mksharedlibrpath='-Wl,-rpath,'
model='default'
naked_pointers='true'
natdynlink='true'
natdynlinkopts='-Wl,-E'
native_compiler='true'
nativecclibs=' -lm -ldl '
oc_cflags='-O2 -fno-strict-aliasing -fwrapv -Wall -Wdeclaration-after-statement -Werror -fno-common -fexcess-precision=standard -fno-tree-vrp -ffunction-sections'
oc_cppflags=' -D_FILE_OFFSET_BITS=64 -D_REENTRANT -DCAML_NAME_SPACE '
oc_ldflags=' -Wl,-E'
ocamlc_cflags='-O2 -fno-strict-aliasing -fwrapv -fPIC'
ocamlc_cppflags=' -D_FILE_OFFSET_BITS=64 -D_REENTRANT'
ocamldoc='ocamldoc'
ocamltest='ocamltest'
oldincludedir='/usr/include'
otherlibraries='dynlink unix bigarray str raw_spacetime_lib systhreads'
outputexe='-o $(EMPTY)'
outputobj='-o $(EMPTY)'
pdfdir='${docdir}'
prefix='/usr/local'
profinfo='false'
profinfo_width='0'
program_transform_name='s,x,x,'
programs_man_section='1'
psdir='${docdir}'
pthread_link='-lpthread'
rpath='-Wl,-rpath,'
sbindir='${exec_prefix}/sbin'
sharedlib_cflags='-fPIC'
sharedstatedir='${prefix}/com'
shebangscripts='true'
spacetime='false'
stdlib_manpages='true'
supports_shared_libraries='true'
sysconfdir='${prefix}/etc'
syslib='-l$(1)'
system='linux'
systhread_support='true'
target='x86_64-pc-linux-gnu'
target_alias=''
target_cpu='x86_64'
target_os='linux-gnu'
target_vendor='pc'
toolchain='cc'
unix_or_win32='unix'
unixlib='unix'
windows_unicode='0'
with_camltex='true'
with_debugger='ocamldebugger'
x_includes='NONE'
x_libraries='NONE'

## ----------- ##
## confdefs.h. ##
## ----------- ##

/* confdefs.h */
#define PACKAGE_NAME "OCaml"
#define PACKAGE_TARNAME "ocaml"
#define PACKAGE_VERSION "4.12.0+dev0-2020-04-22"
#define PACKAGE_STRING "OCaml 4.12.0+dev0-2020-04-22"
#define PACKAGE_BUGREPORT "caml-list@inria.fr"
#define PACKAGE_URL "http://www.ocaml.org"
#define STDC_HEADERS 1
#define HAVE_SYS_TYPES_H 1
#define HAVE_SYS_STAT_H 1
#define HAVE_STDLIB_H 1
#define HAVE_STRING_H 1
#define HAVE_MEMORY_H 1
#define HAVE_STRINGS_H 1
#define HAVE_INTTYPES_H 1
#define HAVE_STDINT_H 1
#define HAVE_UNISTD_H 1
#define HAVE_DLFCN_H 1
#define LT_OBJDIR ".libs/"
#define HAS_ARCH_CODE32 1
#define HAVE_LIBM 1
#define HAVE_UNISTD_H 1
#define HAS_UNISTD 1
#define HAS_STDINT_H 1
#define HAS_SYS_SHM_H 1
#define HAS_DIRENT 1
#define HAS_SYS_SELECT_H 1
#define SIZEOF_INT 4
#define SIZEOF_LONG 8
#define SIZEOF_LONG_P 8
#define SIZEOF_SHORT 2
#define SIZEOF_LONG_LONG 8
#define ARCH_SIXTYFOUR 1
#define SIZEOF_PTR 8
#define SIZEOF_LONGLONG 8
#define ALIGNOF_DOUBLE 8
#define ALIGNOF_LONG 8
#define ALIGNOF_LONG_LONG 8
#define SUPPORTS_ALIGNED_ATTRIBUTE 1
#define SUPPORTS_TREE_VECTORIZE 1
#define OCAML_OS_TYPE "Unix"
#define POSIX_SIGNALS 1
#define HAS_WORKING_FMA 1
#define HAS_C99_FLOAT_OPS 1
#define HAS_GETRUSAGE 1
#define HAS_TIMES 1
#define HAS_SECURE_GETENV 1
#define HAS_POSIX_MONOTONIC_CLOCK 1
#define HAS_SOCKETS 1
#define HAS_SOCKLEN_T 1
#define HAS_INET_ATON 1
#define HAS_IPV6 1
#define HAS_REWINDDIR 1
#define HAS_LOCKF 1
#define HAS_MKFIFO 1
#define HAS_GETCWD 1
#define HAS_UTIME 1
#define HAS_UTIMES 1
#define HAS_FCHMOD 1
#define HAS_TRUNCATE 1
#define HAS_SELECT 1
#define HAS_NANOSLEEP 1
#define HAS_SYMLINK 1
#define HAS_WAITPID 1
#define HAS_WAIT4 1
#define HAS_GETGROUPS 1
#define HAS_SETGROUPS 1
#define HAS_INITGROUPS 1
#define HAS_TERMIOS 1
#define HAS_SETITIMER 1
#define HAS_GETHOSTNAME 1
#define HAS_UNAME 1
#define HAS_GETTIMEOFDAY 1
#define HAS_MKTIME 1
#define HAS_SETSID 1
#define HAS_PUTENV 1
#define HAS_SETENV_UNSETENV 1
#define HAS_LOCALE_H 1
#define HAS_STRTOD_L 1
#define SUPPORT_DYNAMIC_LINKING 1
#define HAS_MMAP 1
#define HAS_PWRITE 1
#define HAS_NANOSECOND_STAT 1
#define HAVE_GETHOSTBYNAME_R 1
#define HAVE_FUNC_GETHOSTBYNAME_R_6 1
#define HAS_GETHOSTBYNAME_R 6
#define HAVE_GETHOSTBYADDR_R 1
#define HAVE_FUNC_GETHOSTBYADDR_R_8 1
#define HAS_GETHOSTBYADDR_R 8
#define HAS_MKSTEMP 1
#define HAS_NICE 1
#define HAS_DUP3 1
#define HAS_PIPE2 1
#define HAS_ACCEPT4 1
#define HAS_GETAUXVAL 1
#define HAS_EXECVPE 1
#define HAS_POSIX_SPAWN 1
#define HAS_FFS 1
#define HAS_STACK_OVERFLOW_DETECTION 1
#define HAVE_PTHREAD_PRIO_INHERIT 1
#define HAS_SIGWAIT 1
#define ASM_CFI_SUPPORTED 1
#define HAS_HUGE_PAGES 1
#define HUGE_PAGE_SIZE (4 * 1024 * 1024)
#define PROFINFO_WIDTH 0
#define FLAT_FLOAT_ARRAY 1
#define FUNCTION_SECTIONS 1
#define CAML_SAFE_STRING 1

configure: exit 0
